  [1m[35m (0.2ms)[0m  [1m[34mSELECT sqlite_version(*)[0m
  [1m[35m (3.2ms)[0m  [1m[35mCREATE TABLE "schema_migrations" ("version" varchar NOT NULL PRIMARY KEY)[0m
  [1m[35m (3.2ms)[0m  [1m[35mCREATE TABLE "ar_internal_metadata" ("key" varchar NOT NULL PRIMARY KEY, "value" varchar, "created_at" datetime NOT NULL, "updated_at" datetime NOT NULL)[0m
  [1m[35m (0.2ms)[0m  [1m[34mSELECT "schema_migrations"."version" FROM "schema_migrations" ORDER BY "schema_migrations"."version" ASC[0m
Migrating to CreateUsers (20170911180453)
  [1m[35m (0.1ms)[0m  [1m[36mbegin transaction[0m
  [1m[35m (0.5ms)[0m  [1m[35mCREATE TABLE "users" ("id" INTEGER PRIMARY KEY AUTOINCREMENT NOT NULL, "email" varchar, "username" varchar, "password_digest" varchar, "created_at" datetime NOT NULL, "updated_at" datetime NOT NULL)[0m
  [1m[35mSQL (0.2ms)[0m  [1m[32mINSERT INTO "schema_migrations" ("version") VALUES (?)[0m  [["version", "20170911180453"]]
  [1m[35m (2.3ms)[0m  [1m[36mcommit transaction[0m
Migrating to CreatePictures (20170911180608)
  [1m[35m (0.1ms)[0m  [1m[36mbegin transaction[0m
  [1m[35m (0.5ms)[0m  [1m[35mCREATE TABLE "pictures" ("id" INTEGER PRIMARY KEY AUTOINCREMENT NOT NULL, "image_url" varchar, "title" varchar, "user_id" integer, "created_at" datetime NOT NULL, "updated_at" datetime NOT NULL)[0m
  [1m[35mSQL (0.2ms)[0m  [1m[32mINSERT INTO "schema_migrations" ("version") VALUES (?)[0m  [["version", "20170911180608"]]
  [1m[35m (2.4ms)[0m  [1m[36mcommit transaction[0m
Migrating to CreateTags (20170911180651)
  [1m[35m (0.1ms)[0m  [1m[36mbegin transaction[0m
  [1m[35m (0.7ms)[0m  [1m[35mCREATE TABLE "tags" ("id" INTEGER PRIMARY KEY AUTOINCREMENT NOT NULL, "name" varchar, "created_at" datetime NOT NULL, "updated_at" datetime NOT NULL)[0m
  [1m[35mSQL (0.3ms)[0m  [1m[32mINSERT INTO "schema_migrations" ("version") VALUES (?)[0m  [["version", "20170911180651"]]
  [1m[35m (3.7ms)[0m  [1m[36mcommit transaction[0m
Migrating to CreatePictureTags (20170911180752)
  [1m[35m (0.1ms)[0m  [1m[36mbegin transaction[0m
  [1m[35m (0.8ms)[0m  [1m[35mCREATE TABLE "picture_tags" ("id" INTEGER PRIMARY KEY AUTOINCREMENT NOT NULL, "picture_id" integer, "tag_id" integer, "created_at" datetime NOT NULL, "updated_at" datetime NOT NULL)[0m
  [1m[35mSQL (0.3ms)[0m  [1m[32mINSERT INTO "schema_migrations" ("version") VALUES (?)[0m  [["version", "20170911180752"]]
  [1m[35m (2.7ms)[0m  [1m[36mcommit transaction[0m
Migrating to CreateComments (20170911180857)
  [1m[35m (0.1ms)[0m  [1m[36mbegin transaction[0m
  [1m[35m (1.7ms)[0m  [1m[35mCREATE TABLE "comments" ("id" INTEGER PRIMARY KEY AUTOINCREMENT NOT NULL, "content" varchar, "picture_id" integer, "user_id" integer, "created_at" datetime NOT NULL, "updated_at" datetime NOT NULL)[0m
  [1m[35mSQL (0.2ms)[0m  [1m[32mINSERT INTO "schema_migrations" ("version") VALUES (?)[0m  [["version", "20170911180857"]]
  [1m[35m (6.7ms)[0m  [1m[36mcommit transaction[0m
  [1m[36mActiveRecord::InternalMetadata Load (0.2ms)[0m  [1m[34mSELECT  "ar_internal_metadata".* FROM "ar_internal_metadata" WHERE "ar_internal_metadata"."key" = ? LIMIT ?[0m  [["key", "environment"], ["LIMIT", 1]]
  [1m[35m (0.1ms)[0m  [1m[36mbegin transaction[0m
  [1m[35mSQL (1.1ms)[0m  [1m[32mINSERT INTO "ar_internal_metadata" ("key", "value", "created_at", "updated_at") VALUES (?, ?, ?, ?)[0m  [["key", "environment"], ["value", "development"], ["created_at", "2017-09-11 18:27:54.777811"], ["updated_at", "2017-09-11 18:27:54.777811"]]
  [1m[35m (2.5ms)[0m  [1m[36mcommit transaction[0m
  [1m[35m (0.3ms)[0m  [1m[34mSELECT "schema_migrations"."version" FROM "schema_migrations" ORDER BY "schema_migrations"."version" ASC[0m
  [1m[35m (0.2ms)[0m  [1m[34mSELECT "schema_migrations"."version" FROM "schema_migrations" ORDER BY "schema_migrations"."version" ASC[0m
  [1m[35m (0.3ms)[0m  [1m[34mSELECT "schema_migrations"."version" FROM "schema_migrations" ORDER BY "schema_migrations"."version" ASC[0m
  [1m[35m (0.2ms)[0m  [1m[34mSELECT "schema_migrations"."version" FROM "schema_migrations" ORDER BY "schema_migrations"."version" ASC[0m
  [1m[35m (0.1ms)[0m  [1m[36mbegin transaction[0m
  [1m[35m (0.0ms)[0m  [1m[31mrollback transaction[0m
  [1m[35m (0.3ms)[0m  [1m[34mSELECT "schema_migrations"."version" FROM "schema_migrations" ORDER BY "schema_migrations"."version" ASC[0m
  [1m[35m (0.1ms)[0m  [1m[36mbegin transaction[0m
  [1m[36mUser Exists (0.2ms)[0m  [1m[34mSELECT  1 AS one FROM "users" WHERE "users"."username" = ? LIMIT ?[0m  [["username", "Tomtom"], ["LIMIT", 1]]
  [1m[36mUser Exists (0.1ms)[0m  [1m[34mSELECT  1 AS one FROM "users" WHERE "users"."email" = ? LIMIT ?[0m  [["email", "tomtom@tomtom.com"], ["LIMIT", 1]]
  [1m[35mSQL (0.6ms)[0m  [1m[32mINSERT INTO "users" ("email", "username", "created_at", "updated_at") VALUES (?, ?, ?, ?)[0m  [["email", "tomtom@tomtom.com"], ["username", "Tomtom"], ["created_at", "2017-09-11 18:41:44.243569"], ["updated_at", "2017-09-11 18:41:44.243569"]]
  [1m[35m (2.4ms)[0m  [1m[36mcommit transaction[0m
  [1m[36mUser Load (1.2ms)[0m  [1m[34mSELECT  "users".* FROM "users" LIMIT ?[0m  [["LIMIT", 11]]
Started GET "/" for 127.0.0.1 at 2017-09-11 14:42:09 -0400
  [1m[35m (0.2ms)[0m  [1m[34mSELECT "schema_migrations"."version" FROM "schema_migrations" ORDER BY "schema_migrations"."version" ASC[0m
Processing by Rails::WelcomeController#index as HTML
  Rendering /Users/flatironschool/.rvm/gems/ruby-2.3.1/gems/railties-5.1.4/lib/rails/templates/rails/welcome/index.html.erb
  Rendered /Users/flatironschool/.rvm/gems/ruby-2.3.1/gems/railties-5.1.4/lib/rails/templates/rails/welcome/index.html.erb (4.9ms)
Completed 200 OK in 20ms (Views: 9.5ms | ActiveRecord: 0.0ms)


Started GET "/users" for 127.0.0.1 at 2017-09-11 14:42:15 -0400
Processing by UsersController#index as HTML
  Rendering users/index.html.erb within layouts/application
  [1m[36mUser Load (0.1ms)[0m  [1m[34mSELECT "users".* FROM "users"[0m
  Rendered users/index.html.erb within layouts/application (13.6ms)
Completed 200 OK in 564ms (Views: 552.4ms | ActiveRecord: 1.1ms)


Started GET "/users/new" for 127.0.0.1 at 2017-09-11 14:57:32 -0400
  [1m[35m (0.2ms)[0m  [1m[34mSELECT "schema_migrations"."version" FROM "schema_migrations" ORDER BY "schema_migrations"."version" ASC[0m
Processing by UsersController#new as HTML
  Rendering users/new.html.erb within layouts/application
  Rendered users/new.html.erb within layouts/application (13.5ms)
Completed 200 OK in 305ms (Views: 276.2ms | ActiveRecord: 0.6ms)


Started GET "/users/new" for 127.0.0.1 at 2017-09-11 14:58:58 -0400
Processing by UsersController#new as HTML
  Rendering users/new.html.erb within layouts/application
  Rendered users/new.html.erb within layouts/application (2.5ms)
Completed 200 OK in 33ms (Views: 30.1ms | ActiveRecord: 0.0ms)


Started GET "/users/new" for 127.0.0.1 at 2017-09-11 14:59:42 -0400
Processing by UsersController#new as HTML
  Rendering users/new.html.erb within layouts/application
  Rendered users/new.html.erb within layouts/application (2.8ms)
Completed 200 OK in 31ms (Views: 29.3ms | ActiveRecord: 0.0ms)


Started POST "/users" for 127.0.0.1 at 2017-09-11 15:00:07 -0400
Processing by UsersController#create as HTML
  Parameters: {"utf8"=>"✓", "authenticity_token"=>"fHWWIvPQwj7lCLPXn/R1gZa6VK1MWSWVXseTwSRAOSXlbYRcl40YMOKWOKCFvUkwQOoCoR7Abec17tZ9REhgUw==", "user"=>{"username"=>"Blahahaha", "email"=>"hello@hello.com", "password"=>"[FILTERED]", "password_confirmation"=>"[FILTERED]"}, "commit"=>"Create User"}
  Rendering users/create.html.erb within layouts/application
  Rendered users/create.html.erb within layouts/application (0.5ms)
Completed 200 OK in 36ms (Views: 33.1ms | ActiveRecord: 0.0ms)


Started GET "/users/new" for 127.0.0.1 at 2017-09-11 15:02:16 -0400
Processing by UsersController#new as HTML
  Rendering users/new.html.erb within layouts/application
  Rendered users/new.html.erb within layouts/application (2.9ms)
Completed 200 OK in 61ms (Views: 37.3ms | ActiveRecord: 0.9ms)


Started POST "/users" for 127.0.0.1 at 2017-09-11 15:02:32 -0400
Processing by UsersController#create as HTML
  Parameters: {"utf8"=>"✓", "authenticity_token"=>"1a0b8coyP92ReKXUy7gax/r88NmFPCjtp0mWPPauKX9MtQmPrm/l05bmLqPR8SZ2LKym1delYJ/MYNOAlqZwCQ==", "user"=>{"username"=>"fqwfq", "email"=>"poop@poop.org", "password"=>"[FILTERED]", "password_confirmation"=>"[FILTERED]"}, "commit"=>"Create User"}
  [1m[35m (0.5ms)[0m  [1m[36mbegin transaction[0m
  [1m[36mUser Exists (0.2ms)[0m  [1m[34mSELECT  1 AS one FROM "users" WHERE "users"."username" = ? LIMIT ?[0m  [["username", "fqwfq"], ["LIMIT", 1]]
  [1m[36mUser Exists (0.1ms)[0m  [1m[34mSELECT  1 AS one FROM "users" WHERE "users"."email" = ? LIMIT ?[0m  [["email", "poop@poop.org"], ["LIMIT", 1]]
  [1m[35mSQL (0.7ms)[0m  [1m[32mINSERT INTO "users" ("email", "username", "password_digest", "created_at", "updated_at") VALUES (?, ?, ?, ?, ?)[0m  [["email", "poop@poop.org"], ["username", "fqwfq"], ["password_digest", "$2a$10$wL9z4PSDfPd8Xedwo6OfIOm6IBwr0cC9kPBjvLOmGuz0o2QpTNx8O"], ["created_at", "2017-09-11 19:02:32.739954"], ["updated_at", "2017-09-11 19:02:32.739954"]]
  [1m[35m (2.7ms)[0m  [1m[36mcommit transaction[0m
Redirected to http://localhost:3000/users/2
Completed 302 Found in 96ms (ActiveRecord: 4.3ms)


Started GET "/users/2" for 127.0.0.1 at 2017-09-11 15:02:32 -0400
Processing by UsersController#show as HTML
  Parameters: {"id"=>"2"}
  Rendering users/show.html.erb within layouts/application
  Rendered users/show.html.erb within layouts/application (0.5ms)
Completed 200 OK in 34ms (Views: 31.6ms | ActiveRecord: 0.0ms)


Started GET "/users/new" for 127.0.0.1 at 2017-09-11 15:03:52 -0400
Processing by UsersController#new as HTML
  Rendering users/new.html.erb within layouts/application
  Rendered users/new.html.erb within layouts/application (3.3ms)
Completed 200 OK in 43ms (Views: 28.2ms | ActiveRecord: 0.9ms)


Started POST "/users" for 127.0.0.1 at 2017-09-11 15:05:10 -0400
Processing by UsersController#create as HTML
  Parameters: {"utf8"=>"✓", "authenticity_token"=>"SGE/+09ThBJvKg1a16jU8BbdF5bLy9JgvMwjfCPwtdPReS2FKw5eHGi0hi3N4ehBwI1BmplSmhLX5WbAQ/jspQ==", "user"=>{"username"=>"Matt", "email"=>"matt@matt.edu", "password"=>"[FILTERED]", "password_confirmation"=>"[FILTERED]"}, "commit"=>"Create User"}
  [1m[35m (0.1ms)[0m  [1m[36mbegin transaction[0m
  [1m[36mUser Exists (0.2ms)[0m  [1m[34mSELECT  1 AS one FROM "users" WHERE "users"."username" = ? LIMIT ?[0m  [["username", "Matt"], ["LIMIT", 1]]
  [1m[36mUser Exists (0.2ms)[0m  [1m[34mSELECT  1 AS one FROM "users" WHERE "users"."email" = ? LIMIT ?[0m  [["email", "matt@matt.edu"], ["LIMIT", 1]]
  [1m[35mSQL (1.0ms)[0m  [1m[32mINSERT INTO "users" ("email", "username", "password_digest", "created_at", "updated_at") VALUES (?, ?, ?, ?, ?)[0m  [["email", "matt@matt.edu"], ["username", "Matt"], ["password_digest", "$2a$10$kig9h51dmvxjO771Uh5YseRtOzD7HJHqQb6g.UzXnffUGXoSfcZEa"], ["created_at", "2017-09-11 19:05:10.238496"], ["updated_at", "2017-09-11 19:05:10.238496"]]
  [1m[35m (6.0ms)[0m  [1m[36mcommit transaction[0m
Redirected to http://localhost:3000/users/3
Completed 302 Found in 99ms (ActiveRecord: 7.5ms)


Started GET "/users/3" for 127.0.0.1 at 2017-09-11 15:05:10 -0400
Processing by UsersController#show as HTML
  Parameters: {"id"=>"3"}
  [1m[36mUser Load (0.9ms)[0m  [1m[34mSELECT  "users".* FROM "users" WHERE "users"."id" = ? LIMIT ?[0m  [["id", 3], ["LIMIT", 1]]
  Rendering users/show.html.erb within layouts/application
  Rendered users/show.html.erb within layouts/application (0.7ms)
Completed 200 OK in 74ms (Views: 58.5ms | ActiveRecord: 0.9ms)


Started GET "/users/3" for 127.0.0.1 at 2017-09-11 15:08:16 -0400
Processing by UsersController#show as HTML
  Parameters: {"id"=>"3"}
  [1m[36mUser Load (0.1ms)[0m  [1m[34mSELECT  "users".* FROM "users" WHERE "users"."id" = ? LIMIT ?[0m  [["id", 3], ["LIMIT", 1]]
Completed 500 Internal Server Error in 20ms (ActiveRecord: 1.0ms)


  
NoMethodError (undefined method `photos' for #<User:0x007ff65b191708>):
  
app/controllers/users_controller.rb:21:in `show'
Started GET "/users/3" for 127.0.0.1 at 2017-09-11 15:08:57 -0400
Processing by UsersController#show as HTML
  Parameters: {"id"=>"3"}
  [1m[36mUser Load (0.2ms)[0m  [1m[34mSELECT  "users".* FROM "users" WHERE "users"."id" = ? LIMIT ?[0m  [["id", 3], ["LIMIT", 1]]
  [1m[36mPicture Load (0.2ms)[0m  [1m[34mSELECT  "pictures".* FROM "pictures" WHERE "pictures"."user_id" = ? LIMIT ?[0m  [["user_id", 3], ["LIMIT", 11]]
  [1m[36mPicture Load (1.3ms)[0m  [1m[34mSELECT  "pictures".* FROM "pictures" LIMIT ?[0m  [["LIMIT", 11]]
  [1m[35m (0.1ms)[0m  [1m[36mbegin transaction[0m
  [1m[35m (0.1ms)[0m  [1m[31mrollback transaction[0m
  [1m[35m (0.1ms)[0m  [1m[36mbegin transaction[0m
  [1m[36mUser Load (0.2ms)[0m  [1m[34mSELECT  "users".* FROM "users" WHERE "users"."id" = ? LIMIT ?[0m  [["id", 3], ["LIMIT", 1]]
  [1m[35mSQL (0.6ms)[0m  [1m[32mINSERT INTO "pictures" ("image_url", "title", "user_id", "created_at", "updated_at") VALUES (?, ?, ?, ?, ?)[0m  [["image_url", "http://cdn3-www.dogtime.com/assets/uploads/gallery/goldador-dog-breed-pictures/puppy-1.jpg"], ["title", "Cute Puppy"], ["user_id", 3], ["created_at", "2017-09-11 19:30:39.742867"], ["updated_at", "2017-09-11 19:30:39.742867"]]
  [1m[35m (2.8ms)[0m  [1m[36mcommit transaction[0m
  [1m[36mPicture Load (0.2ms)[0m  [1m[34mSELECT  "pictures".* FROM "pictures" LIMIT ?[0m  [["LIMIT", 11]]
  [1m[36mPicture Load (1.0ms)[0m  [1m[34mSELECT  "pictures".* FROM "pictures" ORDER BY "pictures"."id" ASC LIMIT ?[0m  [["LIMIT", 1]]
  [1m[36mUser Load (0.3ms)[0m  [1m[34mSELECT  "users".* FROM "users" ORDER BY "users"."id" ASC LIMIT ?[0m  [["LIMIT", 1]]
  [1m[36mUser Load (0.3ms)[0m  [1m[34mSELECT  "users".* FROM "users" ORDER BY "users"."id" DESC LIMIT ?[0m  [["LIMIT", 1]]
  [1m[36mPicture Load (0.2ms)[0m  [1m[34mSELECT  "pictures".* FROM "pictures" WHERE "pictures"."user_id" = ? LIMIT ?[0m  [["user_id", 3], ["LIMIT", 11]]
  [1m[36mPicture Load (0.2ms)[0m  [1m[34mSELECT  "pictures".* FROM "pictures" WHERE "pictures"."user_id" = ? LIMIT ?[0m  [["user_id", 3], ["LIMIT", 11]]
  [1m[36mPicture Load (0.3ms)[0m  [1m[34mSELECT  "pictures".* FROM "pictures" WHERE "pictures"."user_id" = ? ORDER BY "pictures"."id" ASC LIMIT ?[0m  [["user_id", 3], ["LIMIT", 1]]
Started GET "/" for 127.0.0.1 at 2017-09-11 15:33:26 -0400
  [1m[35m (0.2ms)[0m  [1m[34mSELECT "schema_migrations"."version" FROM "schema_migrations" ORDER BY "schema_migrations"."version" ASC[0m
Processing by Rails::WelcomeController#index as HTML
Started GET "/login" for 127.0.0.1 at 2017-09-11 15:33:27 -0400
  
ActionController::RoutingError (No route matches [GET] "/login"):
  
actionpack (5.1.4) lib/action_dispatch/middleware/debug_exceptions.rb:63:in `call'
web-console (3.5.1) lib/web_console/middleware.rb:135:in `call_app'
web-console (3.5.1) lib/web_console/middleware.rb:28:in `block in call'
web-console (3.5.1) lib/web_console/middleware.rb:18:in `catch'
web-console (3.5.1) lib/web_console/middleware.rb:18:in `call'
actionpack (5.1.4) lib/action_dispatch/middleware/show_exceptions.rb:31:in `call'
railties (5.1.4) lib/rails/rack/logger.rb:36:in `call_app'
railties (5.1.4) lib/rails/rack/logger.rb:24:in `block in call'
activesupport (5.1.4) lib/active_support/tagged_logging.rb:69:in `block in tagged'
activesupport (5.1.4) lib/active_support/tagged_logging.rb:26:in `tagged'
activesupport (5.1.4) lib/active_support/tagged_logging.rb:69:in `tagged'
railties (5.1.4) lib/rails/rack/logger.rb:24:in `call'
sprockets-rails (3.2.1) lib/sprockets/rails/quiet_assets.rb:13:in `call'
actionpack (5.1.4) lib/action_dispatch/middleware/remote_ip.rb:79:in `call'
actionpack (5.1.4) lib/action_dispatch/middleware/request_id.rb:25:in `call'
rack (2.0.3) lib/rack/method_override.rb:22:in `call'
rack (2.0.3) lib/rack/runtime.rb:22:in `call'
activesupport (5.1.4) lib/active_support/cache/strategy/local_cache_middleware.rb:27:in `call'
actionpack (5.1.4) lib/action_dispatch/middleware/executor.rb:12:in `call'
actionpack (5.1.4) lib/action_dispatch/middleware/static.rb:125:in `call'
rack (2.0.3) lib/rack/sendfile.rb:111:in `call'
railties (5.1.4) lib/rails/engine.rb:522:in `call'
puma (3.10.0) lib/puma/configuration.rb:225:in `call'
puma (3.10.0) lib/puma/server.rb:605:in `handle_request'
puma (3.10.0) lib/puma/server.rb:437:in `process_client'
puma (3.10.0) lib/puma/server.rb:301:in `block in run'
puma (3.10.0) lib/puma/thread_pool.rb:120:in `block in spawn_thread'
  Rendering /Users/flatironschool/.rvm/gems/ruby-2.3.1/gems/railties-5.1.4/lib/rails/templates/rails/welcome/index.html.erb
  Rendered /Users/flatironschool/.rvm/gems/ruby-2.3.1/gems/railties-5.1.4/lib/rails/templates/rails/welcome/index.html.erb (11.7ms)
Completed 200 OK in 47ms (Views: 20.6ms | ActiveRecord: 0.0ms)


Started GET "/login" for 127.0.0.1 at 2017-09-11 15:33:30 -0400
  
ActionController::RoutingError (No route matches [GET] "/login"):
  
actionpack (5.1.4) lib/action_dispatch/middleware/debug_exceptions.rb:63:in `call'
web-console (3.5.1) lib/web_console/middleware.rb:135:in `call_app'
web-console (3.5.1) lib/web_console/middleware.rb:28:in `block in call'
web-console (3.5.1) lib/web_console/middleware.rb:18:in `catch'
web-console (3.5.1) lib/web_console/middleware.rb:18:in `call'
actionpack (5.1.4) lib/action_dispatch/middleware/show_exceptions.rb:31:in `call'
railties (5.1.4) lib/rails/rack/logger.rb:36:in `call_app'
railties (5.1.4) lib/rails/rack/logger.rb:24:in `block in call'
activesupport (5.1.4) lib/active_support/tagged_logging.rb:69:in `block in tagged'
activesupport (5.1.4) lib/active_support/tagged_logging.rb:26:in `tagged'
activesupport (5.1.4) lib/active_support/tagged_logging.rb:69:in `tagged'
railties (5.1.4) lib/rails/rack/logger.rb:24:in `call'
sprockets-rails (3.2.1) lib/sprockets/rails/quiet_assets.rb:13:in `call'
actionpack (5.1.4) lib/action_dispatch/middleware/remote_ip.rb:79:in `call'
actionpack (5.1.4) lib/action_dispatch/middleware/request_id.rb:25:in `call'
rack (2.0.3) lib/rack/method_override.rb:22:in `call'
rack (2.0.3) lib/rack/runtime.rb:22:in `call'
activesupport (5.1.4) lib/active_support/cache/strategy/local_cache_middleware.rb:27:in `call'
actionpack (5.1.4) lib/action_dispatch/middleware/executor.rb:12:in `call'
actionpack (5.1.4) lib/action_dispatch/middleware/static.rb:125:in `call'
rack (2.0.3) lib/rack/sendfile.rb:111:in `call'
railties (5.1.4) lib/rails/engine.rb:522:in `call'
puma (3.10.0) lib/puma/configuration.rb:225:in `call'
puma (3.10.0) lib/puma/server.rb:605:in `handle_request'
puma (3.10.0) lib/puma/server.rb:437:in `process_client'
puma (3.10.0) lib/puma/server.rb:301:in `block in run'
puma (3.10.0) lib/puma/thread_pool.rb:120:in `block in spawn_thread'
Started GET "/" for 127.0.0.1 at 2017-09-11 15:33:30 -0400
Processing by Rails::WelcomeController#index as HTML
  Rendering /Users/flatironschool/.rvm/gems/ruby-2.3.1/gems/railties-5.1.4/lib/rails/templates/rails/welcome/index.html.erb
  Rendered /Users/flatironschool/.rvm/gems/ruby-2.3.1/gems/railties-5.1.4/lib/rails/templates/rails/welcome/index.html.erb (4.7ms)
Completed 200 OK in 10ms (Views: 7.9ms | ActiveRecord: 0.0ms)


Started GET "/users/3" for 127.0.0.1 at 2017-09-11 15:33:35 -0400
Processing by UsersController#show as HTML
  Parameters: {"id"=>"3"}
  [1m[36mUser Load (0.3ms)[0m  [1m[34mSELECT  "users".* FROM "users" WHERE "users"."id" = ? LIMIT ?[0m  [["id", 3], ["LIMIT", 1]]
  Rendering users/show.html.erb within layouts/application
  [1m[36mPicture Load (0.2ms)[0m  [1m[34mSELECT "pictures".* FROM "pictures" WHERE "pictures"."user_id" = ?[0m  [["user_id", 3]]
  Rendered users/show.html.erb within layouts/application (17.1ms)
Completed 200 OK in 296ms (Views: 252.7ms | ActiveRecord: 1.9ms)


  [1m[35m (0.2ms)[0m  [1m[34mSELECT "schema_migrations"."version" FROM "schema_migrations" ORDER BY "schema_migrations"."version" ASC[0m
  [1m[35m (0.1ms)[0m  [1m[36mbegin transaction[0m
  [1m[36mUser Exists (0.2ms)[0m  [1m[34mSELECT  1 AS one FROM "users" WHERE "users"."username" = ? LIMIT ?[0m  [["username", "Tomtom"], ["LIMIT", 1]]
  [1m[36mUser Exists (0.1ms)[0m  [1m[34mSELECT  1 AS one FROM "users" WHERE "users"."email" = ? LIMIT ?[0m  [["email", "tomtom@tomtom.com"], ["LIMIT", 1]]
  [1m[35m (0.1ms)[0m  [1m[31mrollback transaction[0m
  [1m[35m (0.1ms)[0m  [1m[36mbegin transaction[0m
  [1m[36mUser Exists (0.2ms)[0m  [1m[34mSELECT  1 AS one FROM "users" WHERE "users"."username" = ? LIMIT ?[0m  [["username", "JohnDoe"], ["LIMIT", 1]]
  [1m[36mUser Exists (0.1ms)[0m  [1m[34mSELECT  1 AS one FROM "users" WHERE "users"."email" = ? LIMIT ?[0m  [["email", "john@doe.com"], ["LIMIT", 1]]
  [1m[35mSQL (0.4ms)[0m  [1m[32mINSERT INTO "users" ("email", "username", "password_digest", "created_at", "updated_at") VALUES (?, ?, ?, ?, ?)[0m  [["email", "john@doe.com"], ["username", "JohnDoe"], ["password_digest", "$2a$10$PZ4x3zJ/Bjf0PSY5kRJ3HeYKwBYQDIgOsYd4LwhnKEwrH.mgEKBva"], ["created_at", "2017-09-11 19:41:04.332983"], ["updated_at", "2017-09-11 19:41:04.332983"]]
  [1m[35m (2.4ms)[0m  [1m[36mcommit transaction[0m
  [1m[35m (0.1ms)[0m  [1m[36mbegin transaction[0m
  [1m[36mUser Exists (0.2ms)[0m  [1m[34mSELECT  1 AS one FROM "users" WHERE "users"."username" = ? LIMIT ?[0m  [["username", "JaneDoe"], ["LIMIT", 1]]
  [1m[36mUser Exists (0.1ms)[0m  [1m[34mSELECT  1 AS one FROM "users" WHERE "users"."email" = ? LIMIT ?[0m  [["email", "jane@doe.com"], ["LIMIT", 1]]
  [1m[35mSQL (0.4ms)[0m  [1m[32mINSERT INTO "users" ("email", "username", "password_digest", "created_at", "updated_at") VALUES (?, ?, ?, ?, ?)[0m  [["email", "jane@doe.com"], ["username", "JaneDoe"], ["password_digest", "$2a$10$wgJMzkLyEdyXW0Pf.NLty.uWfHrKdEzwjY.4l6F1XLtlEv2YtsnIK"], ["created_at", "2017-09-11 19:41:04.420838"], ["updated_at", "2017-09-11 19:41:04.420838"]]
  [1m[35m (2.7ms)[0m  [1m[36mcommit transaction[0m
  [1m[35m (0.1ms)[0m  [1m[36mbegin transaction[0m
  [1m[36mUser Exists (0.2ms)[0m  [1m[34mSELECT  1 AS one FROM "users" WHERE "users"."username" = ? LIMIT ?[0m  [["username", "KyleDoe"], ["LIMIT", 1]]
  [1m[36mUser Exists (0.1ms)[0m  [1m[34mSELECT  1 AS one FROM "users" WHERE "users"."email" = ? LIMIT ?[0m  [["email", "kyle@doe.com"], ["LIMIT", 1]]
  [1m[35mSQL (0.5ms)[0m  [1m[32mINSERT INTO "users" ("email", "username", "password_digest", "created_at", "updated_at") VALUES (?, ?, ?, ?, ?)[0m  [["email", "kyle@doe.com"], ["username", "KyleDoe"], ["password_digest", "$2a$10$K2IWoIMOfsb8Wkaa9wzYfOI76n/Fj.5XkreuA0Ocx4vM5syIwBsAy"], ["created_at", "2017-09-11 19:41:04.519015"], ["updated_at", "2017-09-11 19:41:04.519015"]]
  [1m[35m (2.4ms)[0m  [1m[36mcommit transaction[0m
  [1m[35m (0.1ms)[0m  [1m[36mbegin transaction[0m
  [1m[36mUser Exists (0.2ms)[0m  [1m[34mSELECT  1 AS one FROM "users" WHERE "users"."username" = ? LIMIT ?[0m  [["username", "DatAssDoe"], ["LIMIT", 1]]
  [1m[36mUser Exists (0.2ms)[0m  [1m[34mSELECT  1 AS one FROM "users" WHERE "users"."email" = ? LIMIT ?[0m  [["email", "josh@doe.com"], ["LIMIT", 1]]
  [1m[35mSQL (1.1ms)[0m  [1m[32mINSERT INTO "users" ("email", "username", "password_digest", "created_at", "updated_at") VALUES (?, ?, ?, ?, ?)[0m  [["email", "josh@doe.com"], ["username", "DatAssDoe"], ["password_digest", "$2a$10$ruooozIVHXmWl.KNKh6.YuJKUBsZvL7U.QXihgmt4VOhNaat.WFyG"], ["created_at", "2017-09-11 19:41:04.614567"], ["updated_at", "2017-09-11 19:41:04.614567"]]
  [1m[35m (2.4ms)[0m  [1m[36mcommit transaction[0m
  [1m[35m (0.1ms)[0m  [1m[36mbegin transaction[0m
  [1m[36mUser Exists (0.3ms)[0m  [1m[34mSELECT  1 AS one FROM "users" WHERE "users"."username" = ? LIMIT ?[0m  [["username", "ThaDoeJoe"], ["LIMIT", 1]]
  [1m[36mUser Exists (0.1ms)[0m  [1m[34mSELECT  1 AS one FROM "users" WHERE "users"."email" = ? LIMIT ?[0m  [["email", "thedoe@joe.com"], ["LIMIT", 1]]
  [1m[35mSQL (0.4ms)[0m  [1m[32mINSERT INTO "users" ("email", "username", "password_digest", "created_at", "updated_at") VALUES (?, ?, ?, ?, ?)[0m  [["email", "thedoe@joe.com"], ["username", "ThaDoeJoe"], ["password_digest", "$2a$10$iPleGcKQVTVVrqt7mszTxeSOas9c.OoaPrXzOZ/seZPQN4ih119Ca"], ["created_at", "2017-09-11 19:41:04.711258"], ["updated_at", "2017-09-11 19:41:04.711258"]]
  [1m[35m (2.6ms)[0m  [1m[36mcommit transaction[0m
  [1m[35m (0.3ms)[0m  [1m[36mbegin transaction[0m
  [1m[36mUser Exists (0.2ms)[0m  [1m[34mSELECT  1 AS one FROM "users" WHERE "users"."username" = ? LIMIT ?[0m  [["username", "MikeMac"], ["LIMIT", 1]]
  [1m[36mUser Exists (0.1ms)[0m  [1m[34mSELECT  1 AS one FROM "users" WHERE "users"."email" = ? LIMIT ?[0m  [["email", "mike@mac.com"], ["LIMIT", 1]]
  [1m[35mSQL (0.4ms)[0m  [1m[32mINSERT INTO "users" ("email", "username", "password_digest", "created_at", "updated_at") VALUES (?, ?, ?, ?, ?)[0m  [["email", "mike@mac.com"], ["username", "MikeMac"], ["password_digest", "$2a$10$31bC4BqgTni8iYG1zIFfT.dBnZY9adPrd/AVwP9fx24.omY4bxIw."], ["created_at", "2017-09-11 19:41:04.814483"], ["updated_at", "2017-09-11 19:41:04.814483"]]
  [1m[35m (2.6ms)[0m  [1m[36mcommit transaction[0m
  [1m[35m (0.1ms)[0m  [1m[36mbegin transaction[0m
  [1m[36mUser Exists (0.2ms)[0m  [1m[34mSELECT  1 AS one FROM "users" WHERE "users"."username" = ? LIMIT ?[0m  [["username", "Croakus"], ["LIMIT", 1]]
  [1m[36mUser Exists (0.1ms)[0m  [1m[34mSELECT  1 AS one FROM "users" WHERE "users"."email" = ? LIMIT ?[0m  [["email", "matthias@matt.com"], ["LIMIT", 1]]
  [1m[35mSQL (0.5ms)[0m  [1m[32mINSERT INTO "users" ("email", "username", "password_digest", "created_at", "updated_at") VALUES (?, ?, ?, ?, ?)[0m  [["email", "matthias@matt.com"], ["username", "Croakus"], ["password_digest", "$2a$10$Vuae/gcwQKOH/vwAGowq9OQf3mXLT0/D5y4G8atiIttez5xzNBzcS"], ["created_at", "2017-09-11 19:41:04.924414"], ["updated_at", "2017-09-11 19:41:04.924414"]]
  [1m[35m (2.7ms)[0m  [1m[36mcommit transaction[0m
  [1m[35m (0.2ms)[0m  [1m[34mSELECT "schema_migrations"."version" FROM "schema_migrations" ORDER BY "schema_migrations"."version" ASC[0m
  [1m[35m (0.1ms)[0m  [1m[36mbegin transaction[0m
  [1m[36mUser Exists (0.2ms)[0m  [1m[34mSELECT  1 AS one FROM "users" WHERE "users"."username" = ? LIMIT ?[0m  [["username", "Tomtom"], ["LIMIT", 1]]
  [1m[36mUser Exists (0.2ms)[0m  [1m[34mSELECT  1 AS one FROM "users" WHERE "users"."email" = ? LIMIT ?[0m  [["email", "tomtom@tomtom.com"], ["LIMIT", 1]]
  [1m[35m (0.1ms)[0m  [1m[31mrollback transaction[0m
  [1m[35m (0.1ms)[0m  [1m[36mbegin transaction[0m
  [1m[36mUser Exists (0.2ms)[0m  [1m[34mSELECT  1 AS one FROM "users" WHERE "users"."username" = ? LIMIT ?[0m  [["username", "JohnDoe"], ["LIMIT", 1]]
  [1m[36mUser Exists (0.1ms)[0m  [1m[34mSELECT  1 AS one FROM "users" WHERE "users"."email" = ? LIMIT ?[0m  [["email", "john@doe.com"], ["LIMIT", 1]]
  [1m[35m (0.1ms)[0m  [1m[31mrollback transaction[0m
  [1m[35m (0.1ms)[0m  [1m[36mbegin transaction[0m
  [1m[36mUser Exists (0.1ms)[0m  [1m[34mSELECT  1 AS one FROM "users" WHERE "users"."username" = ? LIMIT ?[0m  [["username", "JaneDoe"], ["LIMIT", 1]]
  [1m[36mUser Exists (0.1ms)[0m  [1m[34mSELECT  1 AS one FROM "users" WHERE "users"."email" = ? LIMIT ?[0m  [["email", "jane@doe.com"], ["LIMIT", 1]]
  [1m[35m (0.1ms)[0m  [1m[31mrollback transaction[0m
  [1m[35m (0.1ms)[0m  [1m[36mbegin transaction[0m
  [1m[36mUser Exists (0.5ms)[0m  [1m[34mSELECT  1 AS one FROM "users" WHERE "users"."username" = ? LIMIT ?[0m  [["username", "KyleDoe"], ["LIMIT", 1]]
  [1m[36mUser Exists (0.1ms)[0m  [1m[34mSELECT  1 AS one FROM "users" WHERE "users"."email" = ? LIMIT ?[0m  [["email", "kyle@doe.com"], ["LIMIT", 1]]
  [1m[35m (0.1ms)[0m  [1m[31mrollback transaction[0m
  [1m[35m (0.1ms)[0m  [1m[36mbegin transaction[0m
  [1m[36mUser Exists (0.3ms)[0m  [1m[34mSELECT  1 AS one FROM "users" WHERE "users"."username" = ? LIMIT ?[0m  [["username", "DatAssDoe"], ["LIMIT", 1]]
  [1m[36mUser Exists (0.1ms)[0m  [1m[34mSELECT  1 AS one FROM "users" WHERE "users"."email" = ? LIMIT ?[0m  [["email", "josh@doe.com"], ["LIMIT", 1]]
  [1m[35m (0.1ms)[0m  [1m[31mrollback transaction[0m
  [1m[35m (0.1ms)[0m  [1m[36mbegin transaction[0m
  [1m[36mUser Exists (0.2ms)[0m  [1m[34mSELECT  1 AS one FROM "users" WHERE "users"."username" = ? LIMIT ?[0m  [["username", "ThaDoeJoe"], ["LIMIT", 1]]
  [1m[36mUser Exists (0.1ms)[0m  [1m[34mSELECT  1 AS one FROM "users" WHERE "users"."email" = ? LIMIT ?[0m  [["email", "thedoe@joe.com"], ["LIMIT", 1]]
  [1m[35m (0.1ms)[0m  [1m[31mrollback transaction[0m
  [1m[35m (0.1ms)[0m  [1m[36mbegin transaction[0m
  [1m[36mUser Exists (0.1ms)[0m  [1m[34mSELECT  1 AS one FROM "users" WHERE "users"."username" = ? LIMIT ?[0m  [["username", "MikeMac"], ["LIMIT", 1]]
  [1m[36mUser Exists (0.1ms)[0m  [1m[34mSELECT  1 AS one FROM "users" WHERE "users"."email" = ? LIMIT ?[0m  [["email", "mike@mac.com"], ["LIMIT", 1]]
  [1m[35m (0.4ms)[0m  [1m[31mrollback transaction[0m
  [1m[35m (0.1ms)[0m  [1m[36mbegin transaction[0m
  [1m[36mUser Exists (0.1ms)[0m  [1m[34mSELECT  1 AS one FROM "users" WHERE "users"."username" = ? LIMIT ?[0m  [["username", "Croakus"], ["LIMIT", 1]]
  [1m[36mUser Exists (0.1ms)[0m  [1m[34mSELECT  1 AS one FROM "users" WHERE "users"."email" = ? LIMIT ?[0m  [["email", "matthias@matt.com"], ["LIMIT", 1]]
  [1m[35m (0.1ms)[0m  [1m[31mrollback transaction[0m
  [1m[35m (0.1ms)[0m  [1m[36mbegin transaction[0m
  [1m[36mUser Load (0.2ms)[0m  [1m[34mSELECT  "users".* FROM "users" WHERE "users"."id" = ? LIMIT ?[0m  [["id", 3], ["LIMIT", 1]]
  [1m[35mSQL (0.5ms)[0m  [1m[32mINSERT INTO "pictures" ("image_url", "title", "user_id", "created_at", "updated_at") VALUES (?, ?, ?, ?, ?)[0m  [["image_url", "http://cdn3-www.dogtime.com/assets/uploads/gallery/goldador-dog-breed-pictures/puppy-1.jpg"], ["title", "Cute Puppy"], ["user_id", 3], ["created_at", "2017-09-11 19:41:22.386892"], ["updated_at", "2017-09-11 19:41:22.386892"]]
  [1m[35m (2.6ms)[0m  [1m[36mcommit transaction[0m
  [1m[35m (0.1ms)[0m  [1m[36mbegin transaction[0m
  [1m[36mUser Load (0.2ms)[0m  [1m[34mSELECT  "users".* FROM "users" WHERE "users"."id" = ? LIMIT ?[0m  [["id", 4], ["LIMIT", 1]]
  [1m[35mSQL (0.4ms)[0m  [1m[32mINSERT INTO "pictures" ("image_url", "title", "user_id", "created_at", "updated_at") VALUES (?, ?, ?, ?, ?)[0m  [["image_url", "https://www.cesarsway.com/sites/newcesarsway/files/styles/large_article_preview/public/Shake-shiver-and-tremble-Why-dogs-do-it.jpg?itok=yvOUgQeL"], ["title", "Another Cute Puppy"], ["user_id", 4], ["created_at", "2017-09-11 19:41:22.394274"], ["updated_at", "2017-09-11 19:41:22.394274"]]
  [1m[35m (2.4ms)[0m  [1m[36mcommit transaction[0m
  [1m[35m (0.1ms)[0m  [1m[36mbegin transaction[0m
  [1m[36mUser Load (0.2ms)[0m  [1m[34mSELECT  "users".* FROM "users" WHERE "users"."id" = ? LIMIT ?[0m  [["id", 5], ["LIMIT", 1]]
  [1m[35mSQL (0.4ms)[0m  [1m[32mINSERT INTO "pictures" ("image_url", "title", "user_id", "created_at", "updated_at") VALUES (?, ?, ?, ?, ?)[0m  [["image_url", "https://www.cesarsway.com/sites/newcesarsway/files/styles/large_article_preview/public/Common-dog-behaviors-explained.jpg?itok=FSzwbBoi"], ["title", "Confused Happy Puppy"], ["user_id", 5], ["created_at", "2017-09-11 19:41:22.401589"], ["updated_at", "2017-09-11 19:41:22.401589"]]
  [1m[35m (2.5ms)[0m  [1m[36mcommit transaction[0m
  [1m[35m (0.1ms)[0m  [1m[36mbegin transaction[0m
  [1m[36mUser Load (0.1ms)[0m  [1m[34mSELECT  "users".* FROM "users" WHERE "users"."id" = ? LIMIT ?[0m  [["id", 6], ["LIMIT", 1]]
  [1m[35mSQL (0.6ms)[0m  [1m[32mINSERT INTO "pictures" ("image_url", "title", "user_id", "created_at", "updated_at") VALUES (?, ?, ?, ?, ?)[0m  [["image_url", "https://www.rover.com/blog/wp-content/uploads/2015/05/dog-candy-junk-food-599x340.jpg"], ["title", "Pupcake"], ["user_id", 6], ["created_at", "2017-09-11 19:41:22.409420"], ["updated_at", "2017-09-11 19:41:22.409420"]]
  [1m[35m (2.6ms)[0m  [1m[36mcommit transaction[0m
  [1m[35m (0.1ms)[0m  [1m[36mbegin transaction[0m
  [1m[36mUser Load (0.4ms)[0m  [1m[34mSELECT  "users".* FROM "users" WHERE "users"."id" = ? LIMIT ?[0m  [["id", 7], ["LIMIT", 1]]
  [1m[35mSQL (0.3ms)[0m  [1m[32mINSERT INTO "pictures" ("image_url", "title", "user_id", "created_at", "updated_at") VALUES (?, ?, ?, ?, ?)[0m  [["image_url", "https://static.boredpanda.com/blog/wp-content/uploads/2016/01/bear-dogs-310__605.jpg"], ["title", "Panda Puppy"], ["user_id", 7], ["created_at", "2017-09-11 19:41:22.415977"], ["updated_at", "2017-09-11 19:41:22.415977"]]
  [1m[35m (2.6ms)[0m  [1m[36mcommit transaction[0m
  [1m[35m (0.1ms)[0m  [1m[36mbegin transaction[0m
  [1m[36mUser Load (0.1ms)[0m  [1m[34mSELECT  "users".* FROM "users" WHERE "users"."id" = ? LIMIT ?[0m  [["id", 8], ["LIMIT", 1]]
  [1m[35mSQL (0.5ms)[0m  [1m[32mINSERT INTO "pictures" ("image_url", "title", "user_id", "created_at", "updated_at") VALUES (?, ?, ?, ?, ?)[0m  [["image_url", "http://cdn1-www.dogtime.com/assets/uploads/2011/04/file_2153_column_popular-dog-names.jpg"], ["title", "Group of Doges"], ["user_id", 8], ["created_at", "2017-09-11 19:41:22.422255"], ["updated_at", "2017-09-11 19:41:22.422255"]]
  [1m[35m (2.9ms)[0m  [1m[36mcommit transaction[0m
  [1m[35m (0.1ms)[0m  [1m[36mbegin transaction[0m
  [1m[36mUser Load (0.1ms)[0m  [1m[34mSELECT  "users".* FROM "users" WHERE "users"."id" = ? LIMIT ?[0m  [["id", 9], ["LIMIT", 1]]
  [1m[35mSQL (0.8ms)[0m  [1m[32mINSERT INTO "pictures" ("image_url", "title", "user_id", "created_at", "updated_at") VALUES (?, ?, ?, ?, ?)[0m  [["image_url", "https://i.ytimg.com/vi/4OLJe8iMLg4/hqdefault.jpg"], ["title", "Sad Doge"], ["user_id", 9], ["created_at", "2017-09-11 19:41:22.431139"], ["updated_at", "2017-09-11 19:41:22.431139"]]
  [1m[35m (2.4ms)[0m  [1m[36mcommit transaction[0m
  [1m[35m (0.1ms)[0m  [1m[36mbegin transaction[0m
  [1m[36mUser Load (0.3ms)[0m  [1m[34mSELECT  "users".* FROM "users" WHERE "users"."id" = ? LIMIT ?[0m  [["id", 10], ["LIMIT", 1]]
  [1m[35mSQL (0.5ms)[0m  [1m[32mINSERT INTO "pictures" ("image_url", "title", "user_id", "created_at", "updated_at") VALUES (?, ?, ?, ?, ?)[0m  [["image_url", "https://img.purch.com/w/660/aHR0cDovL3d3dy5saXZlc2NpZW5jZS5jb20vaW1hZ2VzL2kvMDAwLzA4MS80MTIvb3JpZ2luYWwvc2xlZXBpbmctZnJlbmNoLWJ1bGxkb2cuanBn"], ["title", "OMG I AM DEAD S’CUTE"], ["user_id", 10], ["created_at", "2017-09-11 19:41:22.437715"], ["updated_at", "2017-09-11 19:41:22.437715"]]
  [1m[35m (2.4ms)[0m  [1m[36mcommit transaction[0m
Started GET "/login" for 127.0.0.1 at 2017-09-11 15:41:40 -0400
  
ActionController::RoutingError (No route matches [GET] "/login"):
  
actionpack (5.1.4) lib/action_dispatch/middleware/debug_exceptions.rb:63:in `call'
web-console (3.5.1) lib/web_console/middleware.rb:135:in `call_app'
web-console (3.5.1) lib/web_console/middleware.rb:28:in `block in call'
web-console (3.5.1) lib/web_console/middleware.rb:18:in `catch'
web-console (3.5.1) lib/web_console/middleware.rb:18:in `call'
actionpack (5.1.4) lib/action_dispatch/middleware/show_exceptions.rb:31:in `call'
railties (5.1.4) lib/rails/rack/logger.rb:36:in `call_app'
railties (5.1.4) lib/rails/rack/logger.rb:24:in `block in call'
activesupport (5.1.4) lib/active_support/tagged_logging.rb:69:in `block in tagged'
activesupport (5.1.4) lib/active_support/tagged_logging.rb:26:in `tagged'
activesupport (5.1.4) lib/active_support/tagged_logging.rb:69:in `tagged'
railties (5.1.4) lib/rails/rack/logger.rb:24:in `call'
sprockets-rails (3.2.1) lib/sprockets/rails/quiet_assets.rb:13:in `call'
actionpack (5.1.4) lib/action_dispatch/middleware/remote_ip.rb:79:in `call'
actionpack (5.1.4) lib/action_dispatch/middleware/request_id.rb:25:in `call'
rack (2.0.3) lib/rack/method_override.rb:22:in `call'
rack (2.0.3) lib/rack/runtime.rb:22:in `call'
activesupport (5.1.4) lib/active_support/cache/strategy/local_cache_middleware.rb:27:in `call'
actionpack (5.1.4) lib/action_dispatch/middleware/executor.rb:12:in `call'
actionpack (5.1.4) lib/action_dispatch/middleware/static.rb:125:in `call'
rack (2.0.3) lib/rack/sendfile.rb:111:in `call'
railties (5.1.4) lib/rails/engine.rb:522:in `call'
puma (3.10.0) lib/puma/configuration.rb:225:in `call'
puma (3.10.0) lib/puma/server.rb:605:in `handle_request'
puma (3.10.0) lib/puma/server.rb:437:in `process_client'
puma (3.10.0) lib/puma/server.rb:301:in `block in run'
puma (3.10.0) lib/puma/thread_pool.rb:120:in `block in spawn_thread'
Started GET "/" for 127.0.0.1 at 2017-09-11 15:41:41 -0400
Processing by Rails::WelcomeController#index as HTML
  Rendering /Users/flatironschool/.rvm/gems/ruby-2.3.1/gems/railties-5.1.4/lib/rails/templates/rails/welcome/index.html.erb
  Rendered /Users/flatironschool/.rvm/gems/ruby-2.3.1/gems/railties-5.1.4/lib/rails/templates/rails/welcome/index.html.erb (3.7ms)
Completed 200 OK in 9ms (Views: 5.9ms | ActiveRecord: 0.0ms)


Started GET "/users/3" for 127.0.0.1 at 2017-09-11 15:41:41 -0400
Processing by UsersController#show as HTML
  Parameters: {"id"=>"3"}
  [1m[36mUser Load (0.2ms)[0m  [1m[34mSELECT  "users".* FROM "users" WHERE "users"."id" = ? LIMIT ?[0m  [["id", 3], ["LIMIT", 1]]
  Rendering users/show.html.erb within layouts/application
  [1m[36mPicture Load (0.1ms)[0m  [1m[34mSELECT "pictures".* FROM "pictures" WHERE "pictures"."user_id" = ?[0m  [["user_id", 3]]
  Rendered users/show.html.erb within layouts/application (1.9ms)
Completed 200 OK in 34ms (Views: 30.6ms | ActiveRecord: 0.3ms)


Started GET "/users/3" for 127.0.0.1 at 2017-09-11 15:41:41 -0400
Processing by UsersController#show as HTML
  Parameters: {"id"=>"3"}
  [1m[36mUser Load (0.5ms)[0m  [1m[34mSELECT  "users".* FROM "users" WHERE "users"."id" = ? LIMIT ?[0m  [["id", 3], ["LIMIT", 1]]
  Rendering users/show.html.erb within layouts/application
  [1m[36mPicture Load (0.2ms)[0m  [1m[34mSELECT "pictures".* FROM "pictures" WHERE "pictures"."user_id" = ?[0m  [["user_id", 3]]
  Rendered users/show.html.erb within layouts/application (2.3ms)
Completed 200 OK in 61ms (Views: 56.8ms | ActiveRecord: 0.7ms)


Started GET "/users" for 127.0.0.1 at 2017-09-11 15:41:44 -0400
Processing by UsersController#index as HTML
  Rendering users/index.html.erb within layouts/application
  [1m[36mUser Load (0.2ms)[0m  [1m[34mSELECT "users".* FROM "users"[0m
  Rendered users/index.html.erb within layouts/application (2.3ms)
Completed 200 OK in 40ms (Views: 37.8ms | ActiveRecord: 0.2ms)


Started GET "/users" for 127.0.0.1 at 2017-09-11 15:42:58 -0400
Processing by UsersController#index as HTML
  Rendering users/index.html.erb within layouts/application
  [1m[36mUser Load (0.2ms)[0m  [1m[34mSELECT "users".* FROM "users"[0m
  Rendered users/index.html.erb within layouts/application (4.9ms)
Completed 500 Internal Server Error in 11ms (ActiveRecord: 0.2ms)


  
ActionView::Template::Error (wrong number of arguments (given 1, expected 0)):
    1: <h1>Is this working?</h1>
    2: <% @users.each do |user| %>
    3: <%= link_to user.username user_path(user) %> <br>
    4: <% end %>
  
app/views/users/index.html.erb:3:in `block in _app_views_users_index_html_erb__4278398740866200127_70244519734840'
app/views/users/index.html.erb:2:in `_app_views_users_index_html_erb__4278398740866200127_70244519734840'
Started GET "/users" for 127.0.0.1 at 2017-09-11 15:43:07 -0400
Processing by UsersController#index as HTML
  Rendering users/index.html.erb within layouts/application
  [1m[36mUser Load (0.2ms)[0m  [1m[34mSELECT "users".* FROM "users"[0m
  Rendered users/index.html.erb within layouts/application (2.1ms)
Completed 200 OK in 26ms (Views: 23.7ms | ActiveRecord: 0.2ms)


Started GET "/users/1" for 127.0.0.1 at 2017-09-11 15:43:09 -0400
Processing by UsersController#show as HTML
  Parameters: {"id"=>"1"}
  [1m[36mUser Load (0.3ms)[0m  [1m[34mSELECT  "users".* FROM "users" WHERE "users"."id" = ? LIMIT ?[0m  [["id", 1], ["LIMIT", 1]]
  Rendering users/show.html.erb within layouts/application
  [1m[36mPicture Load (0.1ms)[0m  [1m[34mSELECT "pictures".* FROM "pictures" WHERE "pictures"."user_id" = ?[0m  [["user_id", 1]]
  Rendered users/show.html.erb within layouts/application (1.7ms)
Completed 200 OK in 37ms (Views: 32.5ms | ActiveRecord: 0.4ms)


Started GET "/users/1" for 127.0.0.1 at 2017-09-11 15:44:10 -0400
Processing by UsersController#show as HTML
  Parameters: {"id"=>"1"}
  [1m[36mUser Load (0.1ms)[0m  [1m[34mSELECT  "users".* FROM "users" WHERE "users"."id" = ? LIMIT ?[0m  [["id", 1], ["LIMIT", 1]]
  Rendering users/show.html.erb within layouts/application
  [1m[36mPicture Load (0.1ms)[0m  [1m[34mSELECT "pictures".* FROM "pictures" WHERE "pictures"."user_id" = ?[0m  [["user_id", 1]]
  Rendered users/show.html.erb within layouts/application (1.4ms)
Completed 200 OK in 28ms (Views: 25.6ms | ActiveRecord: 0.2ms)


Started GET "/users" for 127.0.0.1 at 2017-09-11 15:44:17 -0400
Processing by UsersController#index as HTML
  Rendering users/index.html.erb within layouts/application
  [1m[36mUser Load (0.2ms)[0m  [1m[34mSELECT "users".* FROM "users"[0m
  Rendered users/index.html.erb within layouts/application (2.4ms)
Completed 200 OK in 29ms (Views: 26.6ms | ActiveRecord: 0.2ms)


Started GET "/users/3" for 127.0.0.1 at 2017-09-11 15:44:18 -0400
Processing by UsersController#show as HTML
  Parameters: {"id"=>"3"}
  [1m[36mUser Load (0.1ms)[0m  [1m[34mSELECT  "users".* FROM "users" WHERE "users"."id" = ? LIMIT ?[0m  [["id", 3], ["LIMIT", 1]]
  Rendering users/show.html.erb within layouts/application
  [1m[36mPicture Load (0.3ms)[0m  [1m[34mSELECT "pictures".* FROM "pictures" WHERE "pictures"."user_id" = ?[0m  [["user_id", 3]]
  Rendered users/show.html.erb within layouts/application (3.6ms)
Completed 200 OK in 35ms (Views: 31.8ms | ActiveRecord: 0.4ms)


Started GET "/users/7" for 127.0.0.1 at 2017-09-11 15:44:47 -0400
Processing by UsersController#show as HTML
  Parameters: {"id"=>"7"}
  [1m[36mUser Load (0.3ms)[0m  [1m[34mSELECT  "users".* FROM "users" WHERE "users"."id" = ? LIMIT ?[0m  [["id", 7], ["LIMIT", 1]]
  Rendering users/show.html.erb within layouts/application
  [1m[36mPicture Load (0.2ms)[0m  [1m[34mSELECT "pictures".* FROM "pictures" WHERE "pictures"."user_id" = ?[0m  [["user_id", 7]]
  Rendered users/show.html.erb within layouts/application (2.2ms)
Completed 200 OK in 31ms (Views: 26.9ms | ActiveRecord: 0.4ms)


Started GET "/users/7" for 127.0.0.1 at 2017-09-11 15:45:54 -0400
Processing by UsersController#show as HTML
  Parameters: {"id"=>"7"}
  [1m[36mUser Load (0.1ms)[0m  [1m[34mSELECT  "users".* FROM "users" WHERE "users"."id" = ? LIMIT ?[0m  [["id", 7], ["LIMIT", 1]]
  Rendering users/show.html.erb within layouts/application
  [1m[36mPicture Load (0.1ms)[0m  [1m[34mSELECT "pictures".* FROM "pictures" WHERE "pictures"."user_id" = ?[0m  [["user_id", 7]]
  Rendered users/show.html.erb within layouts/application (1.6ms)
Completed 200 OK in 27ms (Views: 24.5ms | ActiveRecord: 0.2ms)


Started GET "/users/7" for 127.0.0.1 at 2017-09-11 15:47:28 -0400
Processing by UsersController#show as HTML
  Parameters: {"id"=>"7"}
  [1m[36mUser Load (0.2ms)[0m  [1m[34mSELECT  "users".* FROM "users" WHERE "users"."id" = ? LIMIT ?[0m  [["id", 7], ["LIMIT", 1]]
  Rendering users/show.html.erb within layouts/application
  [1m[36mPicture Load (0.3ms)[0m  [1m[34mSELECT "pictures".* FROM "pictures" WHERE "pictures"."user_id" = ?[0m  [["user_id", 7]]
  Rendered users/show.html.erb within layouts/application (18.3ms)
Completed 200 OK in 84ms (Views: 55.5ms | ActiveRecord: 2.3ms)


Started GET "/users/new" for 127.0.0.1 at 2017-09-11 15:47:28 -0400
Processing by UsersController#new as HTML
  Rendering users/new.html.erb within layouts/application
  Rendered users/new.html.erb within layouts/application (8.1ms)
Completed 200 OK in 46ms (Views: 42.6ms | ActiveRecord: 0.0ms)


Started GET "/users/7" for 127.0.0.1 at 2017-09-11 15:48:49 -0400
Processing by UsersController#show as HTML
  Parameters: {"id"=>"7"}
  [1m[36mUser Load (0.1ms)[0m  [1m[34mSELECT  "users".* FROM "users" WHERE "users"."id" = ? LIMIT ?[0m  [["id", 7], ["LIMIT", 1]]
  Rendering users/show.html.erb within layouts/application
  [1m[36mPicture Load (0.1ms)[0m  [1m[34mSELECT "pictures".* FROM "pictures" WHERE "pictures"."user_id" = ?[0m  [["user_id", 7]]
  Rendered users/show.html.erb within layouts/application (2.0ms)
Completed 200 OK in 37ms (Views: 33.7ms | ActiveRecord: 0.3ms)


Started GET "/users" for 127.0.0.1 at 2017-09-11 15:48:56 -0400
Processing by UsersController#index as HTML
  Rendering users/index.html.erb within layouts/application
  [1m[36mUser Load (0.6ms)[0m  [1m[34mSELECT "users".* FROM "users"[0m
  Rendered users/index.html.erb within layouts/application (3.3ms)
Completed 200 OK in 39ms (Views: 35.9ms | ActiveRecord: 0.6ms)


Started GET "/users/6" for 127.0.0.1 at 2017-09-11 15:48:59 -0400
Processing by UsersController#show as HTML
  Parameters: {"id"=>"6"}
  [1m[36mUser Load (0.3ms)[0m  [1m[34mSELECT  "users".* FROM "users" WHERE "users"."id" = ? LIMIT ?[0m  [["id", 6], ["LIMIT", 1]]
  Rendering users/show.html.erb within layouts/application
  [1m[36mPicture Load (0.2ms)[0m  [1m[34mSELECT "pictures".* FROM "pictures" WHERE "pictures"."user_id" = ?[0m  [["user_id", 6]]
  Rendered users/show.html.erb within layouts/application (3.1ms)
Completed 200 OK in 39ms (Views: 34.8ms | ActiveRecord: 0.5ms)


Started GET "/users/6" for 127.0.0.1 at 2017-09-11 15:52:08 -0400
Processing by UsersController#show as HTML
  Parameters: {"id"=>"6"}
  [1m[36mUser Load (0.3ms)[0m  [1m[34mSELECT  "users".* FROM "users" WHERE "users"."id" = ? LIMIT ?[0m  [["id", 6], ["LIMIT", 1]]
  Rendering users/show.html.erb within layouts/application
  [1m[36mPicture Load (0.1ms)[0m  [1m[34mSELECT "pictures".* FROM "pictures" WHERE "pictures"."user_id" = ?[0m  [["user_id", 6]]
  Rendered users/show.html.erb within layouts/application (10.1ms)
Completed 200 OK in 55ms (Views: 31.7ms | ActiveRecord: 2.0ms)


Started GET "/users/3/edit" for 127.0.0.1 at 2017-09-11 15:52:09 -0400
Processing by UsersController#edit as HTML
  Parameters: {"id"=>"3"}
  [1m[36mUser Load (0.1ms)[0m  [1m[34mSELECT  "users".* FROM "users" WHERE "users"."id" = ? LIMIT ?[0m  [["id", 3], ["LIMIT", 1]]
  Rendering users/edit.html.erb within layouts/application
  Rendered users/edit.html.erb within layouts/application (2.8ms)
Completed 200 OK in 40ms (Views: 36.6ms | ActiveRecord: 0.1ms)


Started PATCH "/users/3" for 127.0.0.1 at 2017-09-11 15:54:07 -0400
Processing by UsersController#update as HTML
  Parameters: {"utf8"=>"✓", "authenticity_token"=>"GFqnk8HGcgY/W+XSCtlbtkKR9GSiGAcfMEakX5YDVhbvJ8o6WKJ0PitOfUoz7Bt14T0Gdk47fqg1URubd2tg2w==", "user"=>{"username"=>"Matt", "email"=>"matt@matt.edu", "password"=>"[FILTERED]", "password_confirmation"=>"[FILTERED]"}, "commit"=>"Update User", "id"=>"3"}
  [1m[36mUser Load (0.2ms)[0m  [1m[34mSELECT  "users".* FROM "users" WHERE "users"."id" = ? LIMIT ?[0m  [["id", 3], ["LIMIT", 1]]
  [1m[35m (0.1ms)[0m  [1m[36mbegin transaction[0m
  [1m[36mUser Exists (0.4ms)[0m  [1m[34mSELECT  1 AS one FROM "users" WHERE "users"."username" = ? AND ("users"."id" != ?) LIMIT ?[0m  [["username", "Matt"], ["id", 3], ["LIMIT", 1]]
  [1m[36mUser Exists (0.2ms)[0m  [1m[34mSELECT  1 AS one FROM "users" WHERE "users"."email" = ? AND ("users"."id" != ?) LIMIT ?[0m  [["email", "matt@matt.edu"], ["id", 3], ["LIMIT", 1]]
  [1m[35mSQL (0.5ms)[0m  [1m[33mUPDATE "users" SET "password_digest" = ?, "updated_at" = ? WHERE "users"."id" = ?[0m  [["password_digest", "$2a$10$fIlhPk6qVk5BOaa4GOrHD.qmDMzv28wkkKABe68UA9I5h5OvvvR7y"], ["updated_at", "2017-09-11 19:54:07.524559"], ["id", 3]]
  [1m[35m (2.8ms)[0m  [1m[36mcommit transaction[0m
Redirected to http://localhost:3000/users/3
Completed 302 Found in 113ms (ActiveRecord: 5.5ms)


Started GET "/users/3" for 127.0.0.1 at 2017-09-11 15:54:07 -0400
Processing by UsersController#show as HTML
  Parameters: {"id"=>"3"}
  [1m[36mUser Load (0.2ms)[0m  [1m[34mSELECT  "users".* FROM "users" WHERE "users"."id" = ? LIMIT ?[0m  [["id", 3], ["LIMIT", 1]]
  Rendering users/show.html.erb within layouts/application
  [1m[36mPicture Load (0.2ms)[0m  [1m[34mSELECT "pictures".* FROM "pictures" WHERE "pictures"."user_id" = ?[0m  [["user_id", 3]]
  Rendered users/show.html.erb within layouts/application (12.1ms)
Completed 200 OK in 58ms (Views: 48.6ms | ActiveRecord: 0.8ms)


Started GET "/users/3" for 127.0.0.1 at 2017-09-11 16:16:40 -0400
Processing by UsersController#show as HTML
  Parameters: {"id"=>"3"}
  [1m[36mUser Load (0.2ms)[0m  [1m[34mSELECT  "users".* FROM "users" WHERE "users"."id" = ? LIMIT ?[0m  [["id", 3], ["LIMIT", 1]]
  Rendering users/show.html.erb within layouts/application
  [1m[36mPicture Load (0.2ms)[0m  [1m[34mSELECT "pictures".* FROM "pictures" WHERE "pictures"."user_id" = ?[0m  [["user_id", 3]]
  Rendered users/show.html.erb within layouts/application (16.7ms)
Completed 200 OK in 84ms (Views: 49.3ms | ActiveRecord: 2.3ms)


Started GET "/users" for 127.0.0.1 at 2017-09-11 16:16:42 -0400
Processing by UsersController#index as HTML
  Rendering users/index.html.erb within layouts/application
  [1m[36mUser Load (0.2ms)[0m  [1m[34mSELECT "users".* FROM "users"[0m
  Rendered users/index.html.erb within layouts/application (2.7ms)
Completed 200 OK in 28ms (Views: 25.7ms | ActiveRecord: 0.2ms)


Started GET "/users/1" for 127.0.0.1 at 2017-09-11 16:16:45 -0400
Processing by UsersController#show as HTML
  Parameters: {"id"=>"1"}
  [1m[36mUser Load (0.1ms)[0m  [1m[34mSELECT  "users".* FROM "users" WHERE "users"."id" = ? LIMIT ?[0m  [["id", 1], ["LIMIT", 1]]
  Rendering users/show.html.erb within layouts/application
  [1m[36mPicture Load (0.5ms)[0m  [1m[34mSELECT "pictures".* FROM "pictures" WHERE "pictures"."user_id" = ?[0m  [["user_id", 1]]
  Rendered users/show.html.erb within layouts/application (3.1ms)
Completed 200 OK in 48ms (Views: 43.7ms | ActiveRecord: 0.6ms)


Started GET "/users/4" for 127.0.0.1 at 2017-09-11 16:16:47 -0400
Processing by UsersController#show as HTML
  Parameters: {"id"=>"4"}
  [1m[36mUser Load (0.2ms)[0m  [1m[34mSELECT  "users".* FROM "users" WHERE "users"."id" = ? LIMIT ?[0m  [["id", 4], ["LIMIT", 1]]
  Rendering users/show.html.erb within layouts/application
  [1m[36mPicture Load (0.1ms)[0m  [1m[34mSELECT "pictures".* FROM "pictures" WHERE "pictures"."user_id" = ?[0m  [["user_id", 4]]
  Rendered users/show.html.erb within layouts/application (2.1ms)
Completed 200 OK in 42ms (Views: 36.3ms | ActiveRecord: 0.3ms)


Started GET "/users/4" for 127.0.0.1 at 2017-09-11 16:18:13 -0400
Processing by UsersController#show as HTML
  Parameters: {"id"=>"4"}
  [1m[36mUser Load (0.1ms)[0m  [1m[34mSELECT  "users".* FROM "users" WHERE "users"."id" = ? LIMIT ?[0m  [["id", 4], ["LIMIT", 1]]
  Rendering users/show.html.erb within layouts/application
  [1m[36mPicture Load (0.1ms)[0m  [1m[34mSELECT "pictures".* FROM "pictures" WHERE "pictures"."user_id" = ?[0m  [["user_id", 4]]
  Rendered users/show.html.erb within layouts/application (8.2ms)
Completed 500 Internal Server Error in 15ms (ActiveRecord: 0.3ms)


  
ActionView::Template::Error (undefined method `symbolize_keys' for "/pictures/3":String):
    3: 
    4: <% @pictures.each do |picture| %>
    5:   <h2><%= picture.title %><h2>
    6:   <%= link_to image_tag picture.image_url, picture_path(picture) %><br>
    7: <% end %>
  
app/views/users/show.html.erb:6:in `block in _app_views_users_show_html_erb___2884158822609459889_70244510596940'
app/views/users/show.html.erb:4:in `_app_views_users_show_html_erb___2884158822609459889_70244510596940'
Started GET "/users/4" for 127.0.0.1 at 2017-09-11 16:18:49 -0400
Processing by UsersController#show as HTML
  Parameters: {"id"=>"4"}
  [1m[36mUser Load (0.7ms)[0m  [1m[34mSELECT  "users".* FROM "users" WHERE "users"."id" = ? LIMIT ?[0m  [["id", 4], ["LIMIT", 1]]
  Rendering users/show.html.erb within layouts/application
  [1m[36mPicture Load (0.1ms)[0m  [1m[34mSELECT "pictures".* FROM "pictures" WHERE "pictures"."user_id" = ?[0m  [["user_id", 4]]
  Rendered users/show.html.erb within layouts/application (2.3ms)
Completed 200 OK in 51ms (Views: 46.8ms | ActiveRecord: 0.8ms)


Started GET "/users/4" for 127.0.0.1 at 2017-09-11 16:20:47 -0400
Processing by UsersController#show as HTML
  Parameters: {"id"=>"4"}
  [1m[36mUser Load (0.1ms)[0m  [1m[34mSELECT  "users".* FROM "users" WHERE "users"."id" = ? LIMIT ?[0m  [["id", 4], ["LIMIT", 1]]
  Rendering users/show.html.erb within layouts/application
  [1m[36mPicture Load (0.1ms)[0m  [1m[34mSELECT "pictures".* FROM "pictures" WHERE "pictures"."user_id" = ?[0m  [["user_id", 4]]
  Rendered users/show.html.erb within layouts/application (10.6ms)
Completed 500 Internal Server Error in 18ms (ActiveRecord: 0.2ms)


  
ActionView::Template::Error (undefined method `symbolize_keys' for "/pictures/3":String):
    3: 
    4: <% @pictures.each do |picture| %>
    5:   <h2><%= picture.title %><h2>
    6:   <%= link_to image_tag (picture.image_url), picture_path(picture) %><br>
    7: <% end %>
  
app/views/users/show.html.erb:6:in `block in _app_views_users_show_html_erb___2884158822609459889_70244551167260'
app/views/users/show.html.erb:4:in `_app_views_users_show_html_erb___2884158822609459889_70244551167260'
Started GET "/users/4" for 127.0.0.1 at 2017-09-11 16:22:30 -0400
Processing by UsersController#show as HTML
  Parameters: {"id"=>"4"}
  [1m[36mUser Load (0.1ms)[0m  [1m[34mSELECT  "users".* FROM "users" WHERE "users"."id" = ? LIMIT ?[0m  [["id", 4], ["LIMIT", 1]]
  Rendering users/show.html.erb within layouts/application
  [1m[36mPicture Load (0.1ms)[0m  [1m[34mSELECT "pictures".* FROM "pictures" WHERE "pictures"."user_id" = ?[0m  [["user_id", 4]]
  Rendered users/show.html.erb within layouts/application (3.3ms)
Completed 200 OK in 34ms (Views: 31.0ms | ActiveRecord: 0.2ms)


Started GET "/users/4" for 127.0.0.1 at 2017-09-11 16:22:32 -0400
Processing by UsersController#show as HTML
  Parameters: {"id"=>"4"}
  [1m[36mUser Load (0.1ms)[0m  [1m[34mSELECT  "users".* FROM "users" WHERE "users"."id" = ? LIMIT ?[0m  [["id", 4], ["LIMIT", 1]]
  Rendering users/show.html.erb within layouts/application
  [1m[36mPicture Load (0.2ms)[0m  [1m[34mSELECT "pictures".* FROM "pictures" WHERE "pictures"."user_id" = ?[0m  [["user_id", 4]]
  Rendered users/show.html.erb within layouts/application (3.1ms)
Completed 200 OK in 33ms (Views: 29.0ms | ActiveRecord: 0.3ms)


Started GET "/users/4" for 127.0.0.1 at 2017-09-11 16:22:34 -0400
Processing by UsersController#show as HTML
  Parameters: {"id"=>"4"}
  [1m[36mUser Load (0.2ms)[0m  [1m[34mSELECT  "users".* FROM "users" WHERE "users"."id" = ? LIMIT ?[0m  [["id", 4], ["LIMIT", 1]]
  Rendering users/show.html.erb within layouts/application
  [1m[36mPicture Load (0.2ms)[0m  [1m[34mSELECT "pictures".* FROM "pictures" WHERE "pictures"."user_id" = ?[0m  [["user_id", 4]]
  Rendered users/show.html.erb within layouts/application (3.1ms)
Completed 200 OK in 43ms (Views: 38.6ms | ActiveRecord: 0.4ms)


Started GET "/users/4" for 127.0.0.1 at 2017-09-11 16:22:35 -0400
Processing by UsersController#show as HTML
  Parameters: {"id"=>"4"}
  [1m[36mUser Load (0.1ms)[0m  [1m[34mSELECT  "users".* FROM "users" WHERE "users"."id" = ? LIMIT ?[0m  [["id", 4], ["LIMIT", 1]]
  Rendering users/show.html.erb within layouts/application
  [1m[36mPicture Load (0.2ms)[0m  [1m[34mSELECT "pictures".* FROM "pictures" WHERE "pictures"."user_id" = ?[0m  [["user_id", 4]]
  Rendered users/show.html.erb within layouts/application (3.8ms)
Completed 200 OK in 49ms (Views: 45.4ms | ActiveRecord: 0.3ms)


Started GET "/users/4" for 127.0.0.1 at 2017-09-11 16:22:35 -0400
Processing by UsersController#show as HTML
  Parameters: {"id"=>"4"}
  [1m[36mUser Load (0.2ms)[0m  [1m[34mSELECT  "users".* FROM "users" WHERE "users"."id" = ? LIMIT ?[0m  [["id", 4], ["LIMIT", 1]]
  Rendering users/show.html.erb within layouts/application
  [1m[36mPicture Load (0.4ms)[0m  [1m[34mSELECT "pictures".* FROM "pictures" WHERE "pictures"."user_id" = ?[0m  [["user_id", 4]]
  Rendered users/show.html.erb within layouts/application (4.7ms)
Completed 200 OK in 68ms (Views: 63.9ms | ActiveRecord: 0.6ms)


Started GET "/users/4" for 127.0.0.1 at 2017-09-11 16:22:35 -0400
Processing by UsersController#show as HTML
  Parameters: {"id"=>"4"}
  [1m[36mUser Load (0.2ms)[0m  [1m[34mSELECT  "users".* FROM "users" WHERE "users"."id" = ? LIMIT ?[0m  [["id", 4], ["LIMIT", 1]]
  Rendering users/show.html.erb within layouts/application
  [1m[36mPicture Load (0.2ms)[0m  [1m[34mSELECT "pictures".* FROM "pictures" WHERE "pictures"."user_id" = ?[0m  [["user_id", 4]]
  Rendered users/show.html.erb within layouts/application (4.3ms)
Completed 200 OK in 57ms (Views: 52.6ms | ActiveRecord: 0.4ms)


Started GET "/users/4" for 127.0.0.1 at 2017-09-11 16:22:36 -0400
Processing by UsersController#show as HTML
  Parameters: {"id"=>"4"}
  [1m[36mUser Load (0.2ms)[0m  [1m[34mSELECT  "users".* FROM "users" WHERE "users"."id" = ? LIMIT ?[0m  [["id", 4], ["LIMIT", 1]]
  Rendering users/show.html.erb within layouts/application
  [1m[36mPicture Load (0.2ms)[0m  [1m[34mSELECT "pictures".* FROM "pictures" WHERE "pictures"."user_id" = ?[0m  [["user_id", 4]]
  Rendered users/show.html.erb within layouts/application (3.0ms)
Completed 200 OK in 56ms (Views: 52.1ms | ActiveRecord: 0.4ms)


Started GET "/users/4" for 127.0.0.1 at 2017-09-11 16:22:36 -0400
Processing by UsersController#show as HTML
  Parameters: {"id"=>"4"}
  [1m[36mUser Load (0.3ms)[0m  [1m[34mSELECT  "users".* FROM "users" WHERE "users"."id" = ? LIMIT ?[0m  [["id", 4], ["LIMIT", 1]]
  Rendering users/show.html.erb within layouts/application
  [1m[36mPicture Load (0.2ms)[0m  [1m[34mSELECT "pictures".* FROM "pictures" WHERE "pictures"."user_id" = ?[0m  [["user_id", 4]]
  Rendered users/show.html.erb within layouts/application (3.8ms)
Completed 200 OK in 61ms (Views: 56.7ms | ActiveRecord: 0.5ms)


Started GET "/users/4" for 127.0.0.1 at 2017-09-11 16:22:37 -0400
Processing by UsersController#show as HTML
  Parameters: {"id"=>"4"}
  [1m[36mUser Load (0.2ms)[0m  [1m[34mSELECT  "users".* FROM "users" WHERE "users"."id" = ? LIMIT ?[0m  [["id", 4], ["LIMIT", 1]]
  Rendering users/show.html.erb within layouts/application
  [1m[36mPicture Load (0.4ms)[0m  [1m[34mSELECT "pictures".* FROM "pictures" WHERE "pictures"."user_id" = ?[0m  [["user_id", 4]]
  Rendered users/show.html.erb within layouts/application (6.8ms)
Completed 200 OK in 63ms (Views: 57.7ms | ActiveRecord: 0.6ms)


Started GET "/pictures/4" for 127.0.0.1 at 2017-09-11 16:23:55 -0400
Processing by PicturesController#show as HTML
  Parameters: {"id"=>"4"}
  Rendering pictures/show.html.erb within layouts/application
  Rendered pictures/show.html.erb within layouts/application (0.6ms)
Completed 200 OK in 30ms (Views: 27.6ms | ActiveRecord: 0.0ms)


Started GET "/users/4" for 127.0.0.1 at 2017-09-11 16:24:09 -0400
Processing by UsersController#show as HTML
  Parameters: {"id"=>"4"}
  [1m[36mUser Load (0.1ms)[0m  [1m[34mSELECT  "users".* FROM "users" WHERE "users"."id" = ? LIMIT ?[0m  [["id", 4], ["LIMIT", 1]]
  Rendering users/show.html.erb within layouts/application
  [1m[36mPicture Load (0.1ms)[0m  [1m[34mSELECT "pictures".* FROM "pictures" WHERE "pictures"."user_id" = ?[0m  [["user_id", 4]]
  Rendered users/show.html.erb within layouts/application (2.7ms)
Completed 200 OK in 30ms (Views: 26.3ms | ActiveRecord: 0.3ms)


Started GET "/users/4" for 127.0.0.1 at 2017-09-11 16:24:12 -0400
Processing by UsersController#show as HTML
  Parameters: {"id"=>"4"}
  [1m[36mUser Load (0.1ms)[0m  [1m[34mSELECT  "users".* FROM "users" WHERE "users"."id" = ? LIMIT ?[0m  [["id", 4], ["LIMIT", 1]]
  Rendering users/show.html.erb within layouts/application
  [1m[36mPicture Load (0.1ms)[0m  [1m[34mSELECT "pictures".* FROM "pictures" WHERE "pictures"."user_id" = ?[0m  [["user_id", 4]]
  Rendered users/show.html.erb within layouts/application (2.7ms)
Completed 200 OK in 36ms (Views: 31.8ms | ActiveRecord: 0.2ms)


Started GET "/users/4" for 127.0.0.1 at 2017-09-11 16:24:13 -0400
Processing by UsersController#show as HTML
  Parameters: {"id"=>"4"}
  [1m[36mUser Load (0.2ms)[0m  [1m[34mSELECT  "users".* FROM "users" WHERE "users"."id" = ? LIMIT ?[0m  [["id", 4], ["LIMIT", 1]]
  Rendering users/show.html.erb within layouts/application
  [1m[36mPicture Load (0.2ms)[0m  [1m[34mSELECT "pictures".* FROM "pictures" WHERE "pictures"."user_id" = ?[0m  [["user_id", 4]]
  Rendered users/show.html.erb within layouts/application (4.0ms)
Completed 200 OK in 47ms (Views: 43.2ms | ActiveRecord: 0.4ms)


Started GET "/users/4" for 127.0.0.1 at 2017-09-11 16:26:46 -0400
Processing by UsersController#show as HTML
  Parameters: {"id"=>"4"}
  [1m[36mUser Load (0.1ms)[0m  [1m[34mSELECT  "users".* FROM "users" WHERE "users"."id" = ? LIMIT ?[0m  [["id", 4], ["LIMIT", 1]]
  Rendering users/show.html.erb within layouts/application
  [1m[36mPicture Load (0.1ms)[0m  [1m[34mSELECT "pictures".* FROM "pictures" WHERE "pictures"."user_id" = ?[0m  [["user_id", 4]]
  Rendered users/show.html.erb within layouts/application (2.9ms)
Completed 200 OK in 31ms (Views: 27.4ms | ActiveRecord: 0.3ms)


Started GET "/pictures/3" for 127.0.0.1 at 2017-09-11 16:26:47 -0400
Processing by PicturesController#show as HTML
  Parameters: {"id"=>"3"}
  Rendering pictures/show.html.erb within layouts/application
  Rendered pictures/show.html.erb within layouts/application (0.4ms)
Completed 200 OK in 44ms (Views: 40.0ms | ActiveRecord: 0.0ms)


Started GET "/pictures/3" for 127.0.0.1 at 2017-09-11 16:29:43 -0400
Processing by PicturesController#show as HTML
  Parameters: {"id"=>"3"}
  Rendering pictures/show.html.erb within layouts/application
  Rendered pictures/show.html.erb within layouts/application (3.0ms)
Completed 500 Internal Server Error in 11ms


  
ActionView::Template::Error (undefined method `title' for nil:NilClass):
    1: <h1><%= @picture.title %></h1>
    2: <%= image_tag (picture.image_url) %>
  
app/views/pictures/show.html.erb:1:in `_app_views_pictures_show_html_erb___1136847424636137585_70244567945800'
Started GET "/pictures/3" for 127.0.0.1 at 2017-09-11 16:30:13 -0400
Processing by PicturesController#show as HTML
  Parameters: {"id"=>"3"}
  [1m[36mPicture Load (0.1ms)[0m  [1m[34mSELECT  "pictures".* FROM "pictures" WHERE "pictures"."id" = ? LIMIT ?[0m  [["id", 3], ["LIMIT", 1]]
  Rendering pictures/show.html.erb within layouts/application
  Rendered pictures/show.html.erb within layouts/application (284.8ms)
Completed 500 Internal Server Error in 312ms (ActiveRecord: 1.0ms)


  
ActionView::Template::Error (undefined local variable or method `picture' for #<#<Class:0x007fc626dc7708>:0x007fc6267d55c0>
Did you mean?  @picture):
    1: <h1><%= @picture.title %></h1>
    2: <%= image_tag (picture.image_url) %>
  
app/views/pictures/show.html.erb:2:in `_app_views_pictures_show_html_erb___1136847424636137585_70244513017820'
Started GET "/pictures/3" for 127.0.0.1 at 2017-09-11 16:30:31 -0400
Processing by PicturesController#show as HTML
  Parameters: {"id"=>"3"}
  [1m[36mPicture Load (0.1ms)[0m  [1m[34mSELECT  "pictures".* FROM "pictures" WHERE "pictures"."id" = ? LIMIT ?[0m  [["id", 3], ["LIMIT", 1]]
  Rendering pictures/show.html.erb within layouts/application
  Rendered pictures/show.html.erb within layouts/application (0.7ms)
Completed 200 OK in 44ms (Views: 41.6ms | ActiveRecord: 0.1ms)


Started GET "/users" for 127.0.0.1 at 2017-09-11 16:30:47 -0400
Processing by UsersController#index as HTML
  Rendering users/index.html.erb within layouts/application
  [1m[36mUser Load (0.2ms)[0m  [1m[34mSELECT "users".* FROM "users"[0m
  Rendered users/index.html.erb within layouts/application (11.6ms)
Completed 200 OK in 54ms (Views: 44.9ms | ActiveRecord: 0.7ms)


Started GET "/users/5" for 127.0.0.1 at 2017-09-11 16:30:51 -0400
Processing by UsersController#show as HTML
  Parameters: {"id"=>"5"}
  [1m[36mUser Load (0.3ms)[0m  [1m[34mSELECT  "users".* FROM "users" WHERE "users"."id" = ? LIMIT ?[0m  [["id", 5], ["LIMIT", 1]]
  Rendering users/show.html.erb within layouts/application
  [1m[36mPicture Load (0.9ms)[0m  [1m[34mSELECT "pictures".* FROM "pictures" WHERE "pictures"."user_id" = ?[0m  [["user_id", 5]]
  Rendered users/show.html.erb within layouts/application (5.0ms)
Completed 200 OK in 63ms (Views: 53.8ms | ActiveRecord: 1.1ms)


Started GET "/pictures/4" for 127.0.0.1 at 2017-09-11 16:30:54 -0400
Processing by PicturesController#show as HTML
  Parameters: {"id"=>"4"}
  [1m[36mPicture Load (0.2ms)[0m  [1m[34mSELECT  "pictures".* FROM "pictures" WHERE "pictures"."id" = ? LIMIT ?[0m  [["id", 4], ["LIMIT", 1]]
  Rendering pictures/show.html.erb within layouts/application
  Rendered pictures/show.html.erb within layouts/application (1.1ms)
Completed 200 OK in 33ms (Views: 28.1ms | ActiveRecord: 0.2ms)


Started GET "/users/new" for 127.0.0.1 at 2017-09-11 16:31:04 -0400
Processing by UsersController#new as HTML
  Rendering users/new.html.erb within layouts/application
  Rendered users/new.html.erb within layouts/application (2.2ms)
Completed 200 OK in 28ms (Views: 26.0ms | ActiveRecord: 0.0ms)


Started GET "/users/picture/3" for 127.0.0.1 at 2017-09-11 16:36:54 -0400
  
ActionController::RoutingError (No route matches [GET] "/users/picture/3"):
  
actionpack (5.1.4) lib/action_dispatch/middleware/debug_exceptions.rb:63:in `call'
web-console (3.5.1) lib/web_console/middleware.rb:135:in `call_app'
web-console (3.5.1) lib/web_console/middleware.rb:28:in `block in call'
web-console (3.5.1) lib/web_console/middleware.rb:18:in `catch'
web-console (3.5.1) lib/web_console/middleware.rb:18:in `call'
actionpack (5.1.4) lib/action_dispatch/middleware/show_exceptions.rb:31:in `call'
railties (5.1.4) lib/rails/rack/logger.rb:36:in `call_app'
railties (5.1.4) lib/rails/rack/logger.rb:24:in `block in call'
activesupport (5.1.4) lib/active_support/tagged_logging.rb:69:in `block in tagged'
activesupport (5.1.4) lib/active_support/tagged_logging.rb:26:in `tagged'
activesupport (5.1.4) lib/active_support/tagged_logging.rb:69:in `tagged'
railties (5.1.4) lib/rails/rack/logger.rb:24:in `call'
sprockets-rails (3.2.1) lib/sprockets/rails/quiet_assets.rb:13:in `call'
actionpack (5.1.4) lib/action_dispatch/middleware/remote_ip.rb:79:in `call'
actionpack (5.1.4) lib/action_dispatch/middleware/request_id.rb:25:in `call'
rack (2.0.3) lib/rack/method_override.rb:22:in `call'
rack (2.0.3) lib/rack/runtime.rb:22:in `call'
activesupport (5.1.4) lib/active_support/cache/strategy/local_cache_middleware.rb:27:in `call'
actionpack (5.1.4) lib/action_dispatch/middleware/executor.rb:12:in `call'
actionpack (5.1.4) lib/action_dispatch/middleware/static.rb:125:in `call'
rack (2.0.3) lib/rack/sendfile.rb:111:in `call'
railties (5.1.4) lib/rails/engine.rb:522:in `call'
puma (3.10.0) lib/puma/configuration.rb:225:in `call'
puma (3.10.0) lib/puma/server.rb:605:in `handle_request'
puma (3.10.0) lib/puma/server.rb:437:in `process_client'
puma (3.10.0) lib/puma/server.rb:301:in `block in run'
puma (3.10.0) lib/puma/thread_pool.rb:120:in `block in spawn_thread'
Started GET "/users/pictures/3" for 127.0.0.1 at 2017-09-11 16:36:59 -0400
  
ActionController::RoutingError (No route matches [GET] "/users/pictures/3"):
  
actionpack (5.1.4) lib/action_dispatch/middleware/debug_exceptions.rb:63:in `call'
web-console (3.5.1) lib/web_console/middleware.rb:135:in `call_app'
web-console (3.5.1) lib/web_console/middleware.rb:28:in `block in call'
web-console (3.5.1) lib/web_console/middleware.rb:18:in `catch'
web-console (3.5.1) lib/web_console/middleware.rb:18:in `call'
actionpack (5.1.4) lib/action_dispatch/middleware/show_exceptions.rb:31:in `call'
railties (5.1.4) lib/rails/rack/logger.rb:36:in `call_app'
railties (5.1.4) lib/rails/rack/logger.rb:24:in `block in call'
activesupport (5.1.4) lib/active_support/tagged_logging.rb:69:in `block in tagged'
activesupport (5.1.4) lib/active_support/tagged_logging.rb:26:in `tagged'
activesupport (5.1.4) lib/active_support/tagged_logging.rb:69:in `tagged'
railties (5.1.4) lib/rails/rack/logger.rb:24:in `call'
sprockets-rails (3.2.1) lib/sprockets/rails/quiet_assets.rb:13:in `call'
actionpack (5.1.4) lib/action_dispatch/middleware/remote_ip.rb:79:in `call'
actionpack (5.1.4) lib/action_dispatch/middleware/request_id.rb:25:in `call'
rack (2.0.3) lib/rack/method_override.rb:22:in `call'
rack (2.0.3) lib/rack/runtime.rb:22:in `call'
activesupport (5.1.4) lib/active_support/cache/strategy/local_cache_middleware.rb:27:in `call'
actionpack (5.1.4) lib/action_dispatch/middleware/executor.rb:12:in `call'
actionpack (5.1.4) lib/action_dispatch/middleware/static.rb:125:in `call'
rack (2.0.3) lib/rack/sendfile.rb:111:in `call'
railties (5.1.4) lib/rails/engine.rb:522:in `call'
puma (3.10.0) lib/puma/configuration.rb:225:in `call'
puma (3.10.0) lib/puma/server.rb:605:in `handle_request'
puma (3.10.0) lib/puma/server.rb:437:in `process_client'
puma (3.10.0) lib/puma/server.rb:301:in `block in run'
puma (3.10.0) lib/puma/thread_pool.rb:120:in `block in spawn_thread'
Started GET "/pictures/3" for 127.0.0.1 at 2017-09-11 16:37:05 -0400
Processing by PicturesController#show as HTML
  Parameters: {"id"=>"3"}
  [1m[36mPicture Load (0.2ms)[0m  [1m[34mSELECT  "pictures".* FROM "pictures" WHERE "pictures"."id" = ? LIMIT ?[0m  [["id", 3], ["LIMIT", 1]]
Completed 500 Internal Server Error in 24ms (ActiveRecord: 1.3ms)


  
NoMethodError (undefined method `comments' for #<Picture:0x007fc6264a5b48>
Did you mean?  committed!):
  
app/controllers/pictures_controller.rb:13:in `show'
Started GET "/pictures/" for 127.0.0.1 at 2017-09-11 16:37:08 -0400
Processing by PicturesController#index as HTML
  Rendering pictures/index.html.erb within layouts/application
  Rendered pictures/index.html.erb within layouts/application (0.4ms)
Completed 200 OK in 27ms (Views: 23.6ms | ActiveRecord: 0.0ms)


Started GET "/pictures/1" for 127.0.0.1 at 2017-09-11 16:37:15 -0400
Processing by PicturesController#show as HTML
  Parameters: {"id"=>"1"}
  [1m[36mPicture Load (0.1ms)[0m  [1m[34mSELECT  "pictures".* FROM "pictures" WHERE "pictures"."id" = ? LIMIT ?[0m  [["id", 1], ["LIMIT", 1]]
Completed 500 Internal Server Error in 10ms (ActiveRecord: 0.1ms)


  
NoMethodError (undefined method `comments' for #<Picture:0x007fc627d716e0>
Did you mean?  committed!):
  
app/controllers/pictures_controller.rb:13:in `show'
Started GET "/pictures/1" for 127.0.0.1 at 2017-09-11 16:37:48 -0400
Processing by PicturesController#show as HTML
  Parameters: {"id"=>"1"}
  [1m[36mPicture Load (0.2ms)[0m  [1m[34mSELECT  "pictures".* FROM "pictures" WHERE "pictures"."id" = ? LIMIT ?[0m  [["id", 1], ["LIMIT", 1]]
  [1m[36mComment Load (1.5ms)[0m  [1m[34mSELECT  "comments".* FROM "comments" LIMIT ?[0m  [["LIMIT", 11]]
  [1m[35m (0.1ms)[0m  [1m[36mbegin transaction[0m
  [1m[36mUser Load (0.2ms)[0m  [1m[34mSELECT  "users".* FROM "users" WHERE "users"."id" = ? LIMIT ?[0m  [["id", 3], ["LIMIT", 1]]
  [1m[36mPicture Load (0.3ms)[0m  [1m[34mSELECT  "pictures".* FROM "pictures" WHERE "pictures"."id" = ? LIMIT ?[0m  [["id", 2], ["LIMIT", 1]]
  [1m[35mSQL (0.6ms)[0m  [1m[32mINSERT INTO "comments" ("content", "picture_id", "user_id", "created_at", "updated_at") VALUES (?, ?, ?, ?, ?)[0m  [["content", "Blahahahahahaha....cute"], ["picture_id", 2], ["user_id", 3], ["created_at", "2017-09-11 20:42:30.618306"], ["updated_at", "2017-09-11 20:42:30.618306"]]
  [1m[35m (2.8ms)[0m  [1m[36mcommit transaction[0m
  [1m[36mUser Load (0.2ms)[0m  [1m[34mSELECT  "users".* FROM "users" WHERE "users"."id" = ? LIMIT ?[0m  [["id", 3], ["LIMIT", 1]]
  [1m[36mComment Load (0.3ms)[0m  [1m[34mSELECT  "comments".* FROM "comments" ORDER BY "comments"."id" ASC LIMIT ?[0m  [["LIMIT", 1]]
  [1m[36mUser Load (0.2ms)[0m  [1m[34mSELECT  "users".* FROM "users" WHERE "users"."id" = ? LIMIT ?[0m  [["id", 3], ["LIMIT", 1]]
  [1m[36mPicture Load (0.2ms)[0m  [1m[34mSELECT  "pictures".* FROM "pictures" ORDER BY "pictures"."id" ASC LIMIT ?[0m  [["LIMIT", 1]]
  [1m[36mPicture Load (0.2ms)[0m  [1m[34mSELECT  "pictures".* FROM "pictures" ORDER BY "pictures"."id" ASC LIMIT ?[0m  [["LIMIT", 1]]
  [1m[36mComment Load (0.2ms)[0m  [1m[34mSELECT  "comments".* FROM "comments" WHERE "comments"."picture_id" = ? LIMIT ?[0m  [["picture_id", 1], ["LIMIT", 11]]
Started GET "/pictures/1" for 127.0.0.1 at 2017-09-11 16:49:27 -0400
  [1m[35m (0.2ms)[0m  [1m[34mSELECT "schema_migrations"."version" FROM "schema_migrations" ORDER BY "schema_migrations"."version" ASC[0m
Processing by PicturesController#show as HTML
  Parameters: {"id"=>"1"}
  [1m[36mPicture Load (0.2ms)[0m  [1m[34mSELECT  "pictures".* FROM "pictures" WHERE "pictures"."id" = ? LIMIT ?[0m  [["id", 1], ["LIMIT", 1]]
  Rendering pictures/show.html.erb within layouts/application
  [1m[36mComment Load (0.2ms)[0m  [1m[34mSELECT "comments".* FROM "comments" WHERE "comments"."picture_id" = ?[0m  [["picture_id", 1]]
  Rendered pictures/show.html.erb within layouts/application (11.1ms)
Completed 200 OK in 384ms (Views: 329.4ms | ActiveRecord: 1.6ms)


Started GET "/users/3" for 127.0.0.1 at 2017-09-11 16:55:42 -0400
Processing by UsersController#show as HTML
  Parameters: {"id"=>"3"}
  [1m[36mUser Load (0.2ms)[0m  [1m[34mSELECT  "users".* FROM "users" WHERE "users"."id" = ? LIMIT ?[0m  [["id", 3], ["LIMIT", 1]]
  Rendering users/show.html.erb within layouts/application
  [1m[36mPicture Load (0.2ms)[0m  [1m[34mSELECT "pictures".* FROM "pictures" WHERE "pictures"."user_id" = ?[0m  [["user_id", 3]]
  Rendered users/show.html.erb within layouts/application (15.8ms)
Completed 200 OK in 74ms (Views: 52.8ms | ActiveRecord: 1.7ms)


Started GET "/pictures/1" for 127.0.0.1 at 2017-09-11 16:55:56 -0400
Processing by PicturesController#show as HTML
  Parameters: {"id"=>"1"}
  [1m[36mPicture Load (0.5ms)[0m  [1m[34mSELECT  "pictures".* FROM "pictures" WHERE "pictures"."id" = ? LIMIT ?[0m  [["id", 1], ["LIMIT", 1]]
  Rendering pictures/show.html.erb within layouts/application
  [1m[36mComment Load (0.2ms)[0m  [1m[34mSELECT "comments".* FROM "comments" WHERE "comments"."picture_id" = ?[0m  [["picture_id", 1]]
  Rendered pictures/show.html.erb within layouts/application (5.9ms)
Completed 200 OK in 48ms (Views: 38.3ms | ActiveRecord: 1.0ms)


Started GET "/pictures/2" for 127.0.0.1 at 2017-09-11 16:56:00 -0400
Processing by PicturesController#show as HTML
  Parameters: {"id"=>"2"}
  [1m[36mPicture Load (0.2ms)[0m  [1m[34mSELECT  "pictures".* FROM "pictures" WHERE "pictures"."id" = ? LIMIT ?[0m  [["id", 2], ["LIMIT", 1]]
  Rendering pictures/show.html.erb within layouts/application
  [1m[36mComment Load (0.5ms)[0m  [1m[34mSELECT "comments".* FROM "comments" WHERE "comments"."picture_id" = ?[0m  [["picture_id", 2]]
  [1m[36mUser Load (0.3ms)[0m  [1m[34mSELECT  "users".* FROM "users" WHERE "users"."id" = ? LIMIT ?[0m  [["id", 3], ["LIMIT", 1]]
  Rendered pictures/show.html.erb within layouts/application (18.6ms)
Completed 200 OK in 66ms (Views: 59.9ms | ActiveRecord: 1.3ms)


Started GET "/pictures/2" for 127.0.0.1 at 2017-09-11 16:58:51 -0400
Processing by PicturesController#show as HTML
  Parameters: {"id"=>"2"}
  [1m[36mPicture Load (0.2ms)[0m  [1m[34mSELECT  "pictures".* FROM "pictures" WHERE "pictures"."id" = ? LIMIT ?[0m  [["id", 2], ["LIMIT", 1]]
  Rendering pictures/show.html.erb within layouts/application
  [1m[36mComment Load (0.2ms)[0m  [1m[34mSELECT "comments".* FROM "comments" WHERE "comments"."picture_id" = ?[0m  [["picture_id", 2]]
  [1m[36mUser Load (0.2ms)[0m  [1m[34mSELECT  "users".* FROM "users" WHERE "users"."id" = ? LIMIT ?[0m  [["id", 3], ["LIMIT", 1]]
  Rendered pictures/show.html.erb within layouts/application (33.5ms)
Completed 500 Internal Server Error in 70ms (ActiveRecord: 2.7ms)


  
ActionView::Template::Error (undefined method `name' for #<User:0x007fda4e5ae1e8>):
    3: <h1> Comment on this picture: <h1>
    4: 
    5: <% @comments.each do |comment| %>
    6: <%= comment.user.name %> : <%= comment.content %> <br>
    7: <% end %>
  
app/views/pictures/show.html.erb:6:in `block in _app_views_pictures_show_html_erb___3002571713989960576_70287827140540'
app/views/pictures/show.html.erb:5:in `_app_views_pictures_show_html_erb___3002571713989960576_70287827140540'
Started GET "/pictures/2" for 127.0.0.1 at 2017-09-11 16:59:10 -0400
Processing by PicturesController#show as HTML
  Parameters: {"id"=>"2"}
  [1m[36mPicture Load (0.2ms)[0m  [1m[34mSELECT  "pictures".* FROM "pictures" WHERE "pictures"."id" = ? LIMIT ?[0m  [["id", 2], ["LIMIT", 1]]
  Rendering pictures/show.html.erb within layouts/application
  Rendered pictures/show.html.erb within layouts/application (1.0ms)
Completed 500 Internal Server Error in 9ms (ActiveRecord: 0.2ms)


  
SyntaxError (/Users/flatironschool/Development/picture_project/app/views/pictures/show.html.erb:5: syntax error, unexpected '<', expecting keyword_end
<% @comments.each do |comment| @output_buffer.safe_append='
 ^
/Users/flatironschool/Development/picture_project/app/views/pictures/show.html.erb:5: syntax error, unexpected keyword_do, expecting keyword_end
<% @comments.each do |comment| @output_buffer.safe_append='
                    ^
/Users/flatironschool/Development/picture_project/app/views/pictures/show.html.erb:9: syntax error, unexpected keyword_ensure, expecting end-of-input):
  
app/views/pictures/show.html.erb:5: syntax error, unexpected '<', expecting keyword_end
app/views/pictures/show.html.erb:5: syntax error, unexpected keyword_do, expecting keyword_end
app/views/pictures/show.html.erb:9: syntax error, unexpected keyword_ensure, expecting end-of-input
Started GET "/pictures/2" for 127.0.0.1 at 2017-09-11 17:07:22 -0400
Processing by PicturesController#show as HTML
  Parameters: {"id"=>"2"}
  [1m[36mPicture Load (0.2ms)[0m  [1m[34mSELECT  "pictures".* FROM "pictures" WHERE "pictures"."id" = ? LIMIT ?[0m  [["id", 2], ["LIMIT", 1]]
  Rendering pictures/show.html.erb within layouts/application
  [1m[36mComment Load (0.2ms)[0m  [1m[34mSELECT "comments".* FROM "comments" WHERE "comments"."picture_id" = ?[0m  [["picture_id", 2]]
  [1m[36mUser Load (0.2ms)[0m  [1m[34mSELECT  "users".* FROM "users" WHERE "users"."id" = ? LIMIT ?[0m  [["id", 3], ["LIMIT", 1]]
  Rendered pictures/show.html.erb within layouts/application (36.5ms)
Completed 200 OK in 101ms (Views: 67.5ms | ActiveRecord: 3.3ms)


Started GET "/pictures/2" for 127.0.0.1 at 2017-09-11 17:08:04 -0400
Processing by PicturesController#show as HTML
  Parameters: {"id"=>"2"}
  [1m[36mPicture Load (0.1ms)[0m  [1m[34mSELECT  "pictures".* FROM "pictures" WHERE "pictures"."id" = ? LIMIT ?[0m  [["id", 2], ["LIMIT", 1]]
  Rendering pictures/show.html.erb within layouts/application
  [1m[36mComment Load (0.1ms)[0m  [1m[34mSELECT "comments".* FROM "comments" WHERE "comments"."picture_id" = ?[0m  [["picture_id", 2]]
  [1m[36mUser Load (0.1ms)[0m  [1m[34mSELECT  "users".* FROM "users" WHERE "users"."id" = ? LIMIT ?[0m  [["id", 3], ["LIMIT", 1]]
  Rendered pictures/show.html.erb within layouts/application (10.5ms)
Completed 200 OK in 42ms (Views: 38.7ms | ActiveRecord: 0.3ms)


Started GET "/pictures/2" for 127.0.0.1 at 2017-09-11 17:08:18 -0400
Processing by PicturesController#show as HTML
  Parameters: {"id"=>"2"}
  [1m[36mPicture Load (0.3ms)[0m  [1m[34mSELECT  "pictures".* FROM "pictures" WHERE "pictures"."id" = ? LIMIT ?[0m  [["id", 2], ["LIMIT", 1]]
  Rendering pictures/show.html.erb within layouts/application
  [1m[36mComment Load (0.1ms)[0m  [1m[34mSELECT "comments".* FROM "comments" WHERE "comments"."picture_id" = ?[0m  [["picture_id", 2]]
  [1m[36mUser Load (0.1ms)[0m  [1m[34mSELECT  "users".* FROM "users" WHERE "users"."id" = ? LIMIT ?[0m  [["id", 3], ["LIMIT", 1]]
  Rendered pictures/show.html.erb within layouts/application (6.4ms)
Completed 200 OK in 36ms (Views: 32.6ms | ActiveRecord: 0.5ms)


Started POST "/comments" for 127.0.0.1 at 2017-09-11 17:08:25 -0400
Processing by CommentsController#create as HTML
  Parameters: {"utf8"=>"✓", "authenticity_token"=>"ZiaJFWPnT6vUXpDERdOVKFa4paeskC0WtGHrx9B/4AL/PptrB7qVpdPAG7NfmqmZgOjzq/4JZWTfSK57sHe5dA==", "comment"=>{"content"=>"What's up dog"}, "commit"=>"Create Comment"}
Completed 500 Internal Server Error in 165ms (ActiveRecord: 0.0ms)


  
NameError (undefined local variable or method `comment_params' for #<CommentsController:0x007fda4de467c0>
Did you mean?  comemnt_params
               comment_path):
  
app/controllers/comments_controller.rb:9:in `create'
Started GET "/pictures/2" for 127.0.0.1 at 2017-09-11 17:08:58 -0400
Processing by PicturesController#show as HTML
  Parameters: {"id"=>"2"}
  [1m[36mPicture Load (0.3ms)[0m  [1m[34mSELECT  "pictures".* FROM "pictures" WHERE "pictures"."id" = ? LIMIT ?[0m  [["id", 2], ["LIMIT", 1]]
  Rendering pictures/show.html.erb within layouts/application
  [1m[36mComment Load (0.2ms)[0m  [1m[34mSELECT "comments".* FROM "comments" WHERE "comments"."picture_id" = ?[0m  [["picture_id", 2]]
  [1m[36mUser Load (0.2ms)[0m  [1m[34mSELECT  "users".* FROM "users" WHERE "users"."id" = ? LIMIT ?[0m  [["id", 3], ["LIMIT", 1]]
  Rendered pictures/show.html.erb within layouts/application (24.1ms)
Completed 200 OK in 98ms (Views: 56.9ms | ActiveRecord: 3.7ms)


Started POST "/comments" for 127.0.0.1 at 2017-09-11 17:09:05 -0400
Processing by CommentsController#create as HTML
  Parameters: {"utf8"=>"✓", "authenticity_token"=>"wPNInWxkiaAgDubU+rLyNMjBrQ+idaDkb6TxiUOh3LBZ61rjCDlTrieQbaPg+86FHpH7A/Ds6JYEjbQ1I6mFxg==", "comment"=>{"content"=>"What's up dog\r\n"}, "commit"=>"Create Comment"}
  [1m[35m (0.1ms)[0m  [1m[36mbegin transaction[0m
  [1m[35m (0.1ms)[0m  [1m[31mrollback transaction[0m
Completed 500 Internal Server Error in 6ms (ActiveRecord: 0.1ms)


  
ActionController::UrlGenerationError (No route matches {:action=>"show", :controller=>"pictures", :id=>nil}, missing required keys: [:id]):
  
app/controllers/comments_controller.rb:13:in `create'
Started GET "/pictures/2" for 127.0.0.1 at 2017-09-11 17:10:01 -0400
Processing by PicturesController#show as HTML
  Parameters: {"id"=>"2"}
  [1m[36mPicture Load (0.2ms)[0m  [1m[34mSELECT  "pictures".* FROM "pictures" WHERE "pictures"."id" = ? LIMIT ?[0m  [["id", 2], ["LIMIT", 1]]
  Rendering pictures/show.html.erb within layouts/application
  [1m[36mComment Load (0.2ms)[0m  [1m[34mSELECT "comments".* FROM "comments" WHERE "comments"."picture_id" = ?[0m  [["picture_id", 2]]
  [1m[36mUser Load (0.2ms)[0m  [1m[34mSELECT  "users".* FROM "users" WHERE "users"."id" = ? LIMIT ?[0m  [["id", 3], ["LIMIT", 1]]
  Rendered pictures/show.html.erb within layouts/application (19.0ms)
Completed 200 OK in 76ms (Views: 43.3ms | ActiveRecord: 3.3ms)


Started POST "/comments" for 127.0.0.1 at 2017-09-11 17:10:04 -0400
Processing by CommentsController#create as HTML
  Parameters: {"utf8"=>"✓", "authenticity_token"=>"SP+M/tWboCs8JO4rWESd0d5MCZGVlia3AHDDEkuqs5LR556AscZ6JTu6ZVxCDaFgCBxfnccPbsVrWYauK6Lq5A==", "comment"=>{"content"=>"qvqwvqvqv"}, "commit"=>"Create Comment"}
Started GET "/users" for 127.0.0.1 at 2017-09-11 17:14:24 -0400
  [1m[35m (0.2ms)[0m  [1m[34mSELECT "schema_migrations"."version" FROM "schema_migrations" ORDER BY "schema_migrations"."version" ASC[0m
Processing by UsersController#index as HTML
  Rendering users/index.html.erb within layouts/application
  [1m[36mUser Load (0.4ms)[0m  [1m[34mSELECT "users".* FROM "users"[0m
  Rendered users/index.html.erb within layouts/application (18.4ms)
Completed 200 OK in 310ms (Views: 291.0ms | ActiveRecord: 1.4ms)


Started GET "/users/5" for 127.0.0.1 at 2017-09-11 17:14:28 -0400
Processing by UsersController#show as HTML
  Parameters: {"id"=>"5"}
  [1m[36mUser Load (0.5ms)[0m  [1m[34mSELECT  "users".* FROM "users" WHERE "users"."id" = ? LIMIT ?[0m  [["id", 5], ["LIMIT", 1]]
  Rendering users/show.html.erb within layouts/application
  [1m[36mPicture Load (0.2ms)[0m  [1m[34mSELECT "pictures".* FROM "pictures" WHERE "pictures"."user_id" = ?[0m  [["user_id", 5]]
  Rendered users/show.html.erb within layouts/application (23.1ms)
Completed 200 OK in 105ms (Views: 51.3ms | ActiveRecord: 2.8ms)


Started GET "/pictures/4" for 127.0.0.1 at 2017-09-11 17:14:30 -0400
Processing by PicturesController#show as HTML
  Parameters: {"id"=>"4"}
  [1m[36mPicture Load (0.3ms)[0m  [1m[34mSELECT  "pictures".* FROM "pictures" WHERE "pictures"."id" = ? LIMIT ?[0m  [["id", 4], ["LIMIT", 1]]
  Rendering pictures/show.html.erb within layouts/application
  [1m[36mComment Load (0.3ms)[0m  [1m[34mSELECT "comments".* FROM "comments" WHERE "comments"."picture_id" = ?[0m  [["picture_id", 4]]
  Rendered pictures/show.html.erb within layouts/application (16.3ms)
Completed 200 OK in 77ms (Views: 58.3ms | ActiveRecord: 1.2ms)


Started POST "/comments" for 127.0.0.1 at 2017-09-11 17:15:50 -0400
Processing by CommentsController#create as HTML
  Parameters: {"utf8"=>"✓", "authenticity_token"=>"xAalJ2OhRwjAYw+3gaQ/4r2JSqNLNTPp3uX4jfA2iMgJLhpmfDyYlGER1MHmC8+zTwU8tshkyJCg6tMNEXHpvQ==", "comment"=>{"content"=>"qvqwgqwgqwg"}, "commit"=>"Create Comment"}
Started GET "/pictures/3" for 127.0.0.1 at 2017-09-11 17:19:20 -0400
  [1m[35m (0.2ms)[0m  [1m[34mSELECT "schema_migrations"."version" FROM "schema_migrations" ORDER BY "schema_migrations"."version" ASC[0m
Processing by PicturesController#show as HTML
  Parameters: {"id"=>"3"}
  [1m[36mPicture Load (0.4ms)[0m  [1m[34mSELECT  "pictures".* FROM "pictures" WHERE "pictures"."id" = ? LIMIT ?[0m  [["id", 3], ["LIMIT", 1]]
  Rendering pictures/show.html.erb within layouts/application
  Rendered pictures/show.html.erb within layouts/application (26.5ms)
Completed 500 Internal Server Error in 101ms (ActiveRecord: 1.4ms)


  
ActionView::Template::Error (undefined method `content' for #<Picture:0x007ff6a13562f0>):
    2: <%= image_tag (@picture.image_url) %>
    3: <h1> Comment on this picture: <h1>
    4: <%= form_for @picture do |f| %>
    5: <%= f.text_area :content %> <br>
    6: <%= f.submit %>
    7: <% end %><br>
    8: <% @comments.each do |comment| %>
  
app/views/pictures/show.html.erb:5:in `block in _app_views_pictures_show_html_erb___805091608655797858_70348630531620'
app/views/pictures/show.html.erb:4:in `_app_views_pictures_show_html_erb___805091608655797858_70348630531620'
Started GET "/pictures/3" for 127.0.0.1 at 2017-09-11 17:23:51 -0400
Processing by PicturesController#show as HTML
  Parameters: {"id"=>"3"}
  [1m[36mPicture Load (0.2ms)[0m  [1m[34mSELECT  "pictures".* FROM "pictures" WHERE "pictures"."id" = ? LIMIT ?[0m  [["id", 3], ["LIMIT", 1]]
  Rendering pictures/show.html.erb within layouts/application
  [1m[36mComment Load (0.4ms)[0m  [1m[34mSELECT "comments".* FROM "comments" WHERE "comments"."picture_id" = ?[0m  [["picture_id", 3]]
  Rendered pictures/show.html.erb within layouts/application (12.8ms)
Completed 200 OK in 257ms (Views: 232.0ms | ActiveRecord: 2.1ms)


Started POST "/comments" for 127.0.0.1 at 2017-09-11 17:24:26 -0400
Processing by CommentsController#create as HTML
  Parameters: {"utf8"=>"✓", "authenticity_token"=>"8UT2qy6ogS++pGojXWG/Q4nqPz5Pb7zvU+dNVOZ5G99oXOTVSvVbIbk64VRHKIPyX7ppMh329J04zgjohnFCqQ==", "comment"=>{"content"=>"Heyyoooooo"}, "commit"=>"Create Comment"}
  Rendering comments/create.html.erb within layouts/application
  Rendered comments/create.html.erb within layouts/application (0.4ms)
Completed 200 OK in 30ms (Views: 28.0ms | ActiveRecord: 0.0ms)


Started GET "/users" for 127.0.0.1 at 2017-09-11 17:53:58 -0400
  [1m[35m (0.2ms)[0m  [1m[34mSELECT "schema_migrations"."version" FROM "schema_migrations" ORDER BY "schema_migrations"."version" ASC[0m
Processing by UsersController#index as HTML
  Rendering users/index.html.erb within layouts/application
  [1m[36mUser Load (0.3ms)[0m  [1m[34mSELECT "users".* FROM "users"[0m
  Rendered users/index.html.erb within layouts/application (23.0ms)
Completed 200 OK in 317ms (Views: 297.5ms | ActiveRecord: 1.2ms)


Started GET "/users/1" for 127.0.0.1 at 2017-09-11 17:54:00 -0400
Processing by UsersController#show as HTML
  Parameters: {"id"=>"1"}
  [1m[36mUser Load (0.3ms)[0m  [1m[34mSELECT  "users".* FROM "users" WHERE "users"."id" = ? LIMIT ?[0m  [["id", 1], ["LIMIT", 1]]
  Rendering users/show.html.erb within layouts/application
  [1m[36mPicture Load (0.5ms)[0m  [1m[34mSELECT "pictures".* FROM "pictures" WHERE "pictures"."user_id" = ?[0m  [["user_id", 1]]
  Rendered users/show.html.erb within layouts/application (8.0ms)
Completed 200 OK in 66ms (Views: 35.4ms | ActiveRecord: 1.6ms)


Started GET "/users/3" for 127.0.0.1 at 2017-09-11 17:54:03 -0400
Processing by UsersController#show as HTML
  Parameters: {"id"=>"3"}
  [1m[36mUser Load (0.2ms)[0m  [1m[34mSELECT  "users".* FROM "users" WHERE "users"."id" = ? LIMIT ?[0m  [["id", 3], ["LIMIT", 1]]
  Rendering users/show.html.erb within layouts/application
  [1m[36mPicture Load (0.2ms)[0m  [1m[34mSELECT "pictures".* FROM "pictures" WHERE "pictures"."user_id" = ?[0m  [["user_id", 3]]
  Rendered users/show.html.erb within layouts/application (20.1ms)
Completed 200 OK in 59ms (Views: 53.0ms | ActiveRecord: 1.1ms)


Started GET "/pictures/2" for 127.0.0.1 at 2017-09-11 17:54:05 -0400
Processing by PicturesController#show as HTML
  Parameters: {"id"=>"2"}
  [1m[36mPicture Load (0.3ms)[0m  [1m[34mSELECT  "pictures".* FROM "pictures" WHERE "pictures"."id" = ? LIMIT ?[0m  [["id", 2], ["LIMIT", 1]]
  Rendering pictures/show.html.erb within layouts/application
  [1m[36mComment Load (0.2ms)[0m  [1m[34mSELECT "comments".* FROM "comments" WHERE "comments"."picture_id" = ?[0m  [["picture_id", 2]]
  [1m[36mUser Load (0.2ms)[0m  [1m[34mSELECT  "users".* FROM "users" WHERE "users"."id" = ? LIMIT ?[0m  [["id", 3], ["LIMIT", 1]]
  Rendered pictures/show.html.erb within layouts/application (37.4ms)
Completed 200 OK in 105ms (Views: 75.8ms | ActiveRecord: 1.7ms)


